1105
266
308
501
1110
788
508
1258
1217
707
1247
1081
948
553
556
1227
891
643
1156
827
267
1212
715
1123
1222
278
1172
1264
1166
709
1187
399
681
186
979
452
543
88
35
558
252
93
1196
792
573
951
716
1264
770
1113
1263
362
1269
667
235
1224
1285
324
1248
1134
1281
12
421
625
1171
1254
1054
304
1290
1077
1286
1253
1155
139
645
165
1030
415
877
1211
1265
1293
1067
416
1164
258
489
1048
1192
743
1234
1142
1205
1256
365
643
801
1161
10
451
1237
1024
846
1114
1219
942
468
831
973
497
949
268
26
575
869
985
1207
1207
14
1258
590
567
1004
582
674
404
654
1206
1233
1065
788
1253
1021
937
1142
664
163
850
1110
938
1228
1276
960
1294
471
631
968
1245
352
1293
1001
937
873
1234
1151
913
994
1122
1096
710
786
941
838
950
829
1039
1267
823
891
381
397
1239
15
868
1202
1230
1288
1008
1013
998
1213
1250
192
6
168
1298
247
118
1126
84
400
79
611
423
711
706
1072
1220
1222
983
1248
1231
578
1124
748
1176
688
1276
1136
788
900
209
1242
759
306
617
456
1119
1319
1248
524
1270
3
150
1142
911
1104
647
610
1185
1213
1262
652
111
860
1235
1208
92
385
534
778
1214
559
1287
1092
219
551
1275
209
281
1043
1296
1207
920
563
161
1302
941
142
389
660
653
1232
1029
1289
259
401
425
863
1168
1031
511
1299
1110
69
765
517
1170
1234
1143
779
490
1119
1250
1061
727
567
1223
1168
824
338
195
820
1274
630
1224
906
419
649
1010
882
412
541
707
1268
1237
731
523
816
647
452
930
1256
1116
1144
1233
376
1274
1089
767
988
1176
794
469
1254
376
867
349
262
1018
1227
249
1201
1221
743
998
725
1132
728
889
1219
819
1255
919
941
1193
186
1274
490
1276
464
873
1300
1151
1187
800
1149
831
995
1236
1098
1265
1216
1142
527
1115
468
1113
1114
161
1180
893
1144
1238
1016
969
1115
1092
1192
1095
1057
1168
945
672
16
1267
102
101
685
840
267
964
61
1123
338
1270
1301
502
1101
1212
1247
517
1037
1244
1157
1068
174
265
976
872
922
1239
276
520
1124
901
478
991
412
1140
287
171
1222
1053
1234
839
135
1288
382
424
673
393
1182
1307
1163
375
973
109
446
867
211
1190
457
1154
604
339
904
1273
788
1223
108
386
1265
86
28
944
1112
1095
1294
479
459
937
216
457
513
693
751
1083
991
1004
1185
1235
924
500
804
655
743
283
1126
657
1294
768
833
779
1238
350
525
919
1244
786
18
976
977
1285
1286
802
818
1154
1027
693
1138
386
367
278
121
861
961
893
1227
1245
580
363
656
852
1100
1259
160
1240
632
911
775
1209
188
1188
1234
536
1237
288
1268
1257
998
1255
1183
1260
145
245
235
206
1234
1208
319
1148
1268
1280
387
883
682
713
1053
1254
654
450
334
1069
1013
931
1057
885
754
823
1254
980
122
1281
883
1241
1140
361
1239
29
1286
503
916
1080
56
1068
1059
709
859
879
907
1193
814
927
822
1150
142
1240
508
1032
1295
1064
292
1089
456
1235
197
925
1188
963
1302
1096
30
1092
1242
1251
1268
172
830
1176
615
1293
568
179
1273
1252
433
515
733
1259
104
1283
77
142
488
962
1128
166
968
1140
287
1273
1204
1167
522
1221
453
178
587
800
1300
416
1301
989
1057
384
757
1192
515
1193
1249
1289
1171
440
951
1098
1053
1213
957
1095
1149
927
1234
1145
129
1245
215
1274
725
3
1131
943
920
322
1111
202
1094
1240
1097
1239
1140
1249
1050
844
1242
817
6
1244
910
1283
1261
708
895
814
1187
1260
212
749
891
1190
1233
321
58
1095
505
1208
561
1263
982
1214
688
945
66
346
405
695
91
225
979
1136
409
1102
416
329
78
1171
742
127
394
1123
637
118
823
1097
1075
1030
338
1275
1288
1174
741
606
781
884
553
1241
1279
1286
480
863
648
1146
1235
1250
730
1308
904
1143
1282
24
417
887
982
682
890
874
1190
131
1023
447
967
210
1290
267
1049
203
1245
506
796
863
1151
846
1237
537
1262
1013
450
51
945
1276
1083
535
491
550
1259
126
118
1255
961
195
1226
1045
13
1163
1235
753
926
879
1128
614
829
1162
1252
666
1141
300
788
612
698
1049
1294
923
1013
921
362
570
857
478
1181
673
948
551
1091
1216
23
1086
25
1042
1231
567
1211
1215
254
373
745
1277
144
289
753
929
1209
584
1224
1062
1233
1233
1068
1285
884
1206
1242
1169
165
781
104
695
1085
1249
691
1086
41
777
434
1219
927
1057
698
187
796
477
799
180
1273
1238
862
34
910
529
146
1221
598
1033
435
1258
1030
1311
1257
1213
1180
420
1086
841
838
99
1248
531
1236
1143
663
448
1257
748
299
1021
1177
676
267
1302
1193
838
1265
1015
340
95
461
279
1225
79
1049
902
796
1276
1233
1045
1212
1227
1138
1157
47
1259
1046
1145
754
506
1038
1094
539
861
582
799
1251
1153
1065
1263
144
1121
1206
15
322
1097
1232
1257
939
1266
1250
868
1279
1004
1008
122
816
587
1042
727
755
1201
80
1259
409
892
636
786
948
1201
182
1291
511
1254
734
617
1208
1092
1251
1243
673
1177
62
1233
1295
861
738
328
466
963
872
1087
1023
330
1123
1241
1269
619
1218
1263
1062
1051
687
1186
684
1209
632
340
810
76
1014
742
1263
224
1077
241
1132
1251
923
996
717
1261
1027
1202
1248
1068
900
1244
918
1251
85
1092
1284
1296
1232
616
23
887
1312
1236
1280
1250
1181
737
751
1078
1039
904
990
462
1245
1111
133
1232
1255
126
1140
966
1176
1253
588
1130
1078
1089
764
876
1069
877
492
1157
465
972
1220
376
920
734
189
1241
230
484
951
1178
585
1141
433
1171
1218
451
652
1285
193
94
1246
320
1055
500
555
796
1144
1209
1194
162
1180
1189
925
1249
1259
546
891
1031
682
884
573
994
1145
574
403
690
1107
1117
1115
1152
1230
897
652
409
1094
1181
699
282
66
1216
1180
1265
952
891
1226
1301
2
1064
176
1230
796
1117
1017
228
1128
1284
1267
971
73
266
1310
840
1226
407
1254
1282
1264
1276
843
395
1098
1290
390
609
1106
562
1116
1253
1222
1236
623
116
1182
1040
158
1307
493
20
288
460
1167
1088
468
1149
573
1008
258
839
1082
867
1154
1162
968
1240
1225
471
1033
1297
1039
1245
430
1154
179
444
959
1071
1234
276
1276
1251
1231
1289
620
747
1230
1038
999
960
641
1254
1037
828
1114
1245
792
1182
1228
263
1270
868
969
1266
572
686
1127
450
812
948
488
1080
377
312
1133
1244
258
1265
634
1255
428
838
17
1260
1281
889
1067
980
1080
666
1302
802
1148
986
283
50
1142
1134
1233
983
515
1155
1266
932
1114
1195
1155
486
977
1045
583
261
133
1209
270
251
1226
1226
982
640
1243
181
659
1091
70
1111
1249
1237
304
1103
714
981
1246
731
726
675
544
1235
1265
1279
1254
359
1220
1064
116
1253
1266
389
827
486
997
1051
1255
104
280
1276
1041
1272
175
826
639
1227
1238
178
124
522
1108
1171
860
1264
470
1000
1272
1275
869
974
888
1195
560
1253
862
84
302
675
567
1191
448
1128
1212
1309
271
167
1220
978
1063
835
1195
87
974
889
758
742
777
1271
67
1116
553
648
1050
1263
1269
996
1196
1195
1154
1171
1288
1074
1134
861
1246
908
283
417
260
1291
963
1252
35
452
1266
588
383
38
1008
956
1285
1211
890
523
1188
402
1296
740
1030
303
344
35
130
848
1021
1219
1142
901
1228
1269
862
125
691
1254
983
1178
155
343
1059
972
833
1211
1255
1106
971
264
701
1089
200
1185
882
1063
34
196
1182
1144
598
514
1175
931
513
1265
1253
1295
86
1208
1277
617
824
465
1172
1239
1264
1231
962
587
1163
950
643
479
1116
754
1141
1290
885
379
1177
918
1253
1245
1142
1004
260
652
631
160
1122
628
338
1074
1187
338
1052
1260
1183
68
1057
215
712
1219
378
84
1136
930
206
1175
1282
812
859
642
446
96
295
1189
1203
1108
1064
169
739
944
1246
144
1216
1126
1197
145
1014
252
1152
1158
368
545
989
1267
272
582
963
1178
32
1182
1163
267
55
1213
906
674
245
183
939
1221
1254
312
967
1143
1164
266
1260
1140
1030
127
1279
780
1241
1076
1222
147
1220
929
911
1219
910
1286
1221
1019
1035
933
1048
625
1260
1249
1153
1233
753
393
1227
847
587
1237
1110
1242
978
514
1149
1043
1252
24
721
1165
531
744
568
468
464
1282
955
927
671
422
1162
642
1249
388
150
1091
647
1270
1238
403
304
1242
980
874
901
462
50
741
406
1255
1178
195
443
1131
1254
1198
1244
198
1207
487
1179
892
1210
1228
756
1194
1177
1192
1212
262
1300
1229
1190
1198
976
721
453
1072
1251
541
305
310
287
1294
950
1236
746
779
472
418
457
1242
866
329
549
1076
1033
1226
1187
1281
103
1220
1222
1172
1197
867
1162
1239
747
586
233
1042
1173
376
1070
587
563
575
293
1228
106
756
673
1207
1293
85
540
367
1229
491
34
848
1217
1218
872
1245
1206
487
498
1266
1225
1268
81
473
1120
1241
1200
1089
945
711
1041
768
963
1109
402
1218
1298
1194
1248
367
84
247
371
1277
1276
1088
841
1086
148
1247
791
505
356
238
473
473
159
45
295
1054
987
1190
1251
1004
394
1184
722
1268
231
1219
1086
1092
1281
1271
775
905
686
418
814
439
1028
1245
318
1271
1108
1039
521
147
608
836
32
639
1096
1076
1191
840
523
346
1180
890
525
771
1259
254
62
102
139
1254
904
531
1277
890
1105
645
1064
1216
1228
1167
921
43
1233
1182
1164
1132
1277
510
1201
1217
221
650
1066
859
859
426
304
687
641
361
1198
805
1070
1103
33
995
325
1209
224
871
1230
1101
1219
1262
1096
1206
994
167
582
1188
54
468
965
1053
968
1006
1151
182
1081
1229
1164
1005
971
1012
693
113
1255
1294
569
1098
544
1015
1283
415
1147
1225
1062
700
627
1124
1164
771
744
1140
1225
715
350
1042
47
466
1059
1210
1246
1124
1155
707
10
890
1254
178
1181
1291
1114
83
1217
444
844
357
1146
1208
1172
1091
262
1054
204
974
468
1252
903
634
573
1237
583
760
1224
966
1184
1097
1262
1203
1147
1240
475
1211
633
795
1263
1124
1096
1029
1190
797
847
456
1031
207
1281
410
158
879
186
1018
551
681
1206
1137
471
913
1086
260
660
595
953
689
1096
1244
1244
523
394
727
1232
1289
76
1050
299
468
299
509
1109
857
1220
805
1109
825
888
963
570
597
841
696
253
1290
1252
927
492
12
209
140
127
1228
148
1223
1043
1116
984
1207
782
713
989
887
149
1079
8
569
333
1153
757
243
214
643
1255
1043
923
32
255
1120
1255
1202
580
560
1174
1208
731
489
1252
1081
444
992
909
1030
1073
169
996
902
210
405
463
1302
1133
736
1079
890
1211
1212
265
1063
1276
1240
542
1222
861
794
1138
980
942
930
1277
1072
834
159
1184
823
618
1263
826
797
737
304
312
766
574
405
572
804
1114
1084
589
626
985
1253
1199
1151
1256
469
956
1182
99
324
1173
994
245
1263
299
640
936
1249
752
400
934
62
975
1148
1154
1106
203
1170
400
653
1170
803
716
941
1252
1297
1241
960
973
931
1203
932
1257
1144
1148
799
998
833
126
697
1258
299
921
836
1115
1258
127
737
429
1256
1138
567
617
163
1223
1256
349
890
725
310
1112
1129
1203
1238
1274
1252
1067
710
1162
774
1227
892
828
205
1006
573
1246
1258
878
800
984
1038
1238
1268
419
971
1056
1253
1280
1240
674
1026
539
378
1267
1022
1217
830
934
1220
772
1264
836
849
1000
1256
1145
973
229
836
1234
1174
1280
852
1062
577
138
925
703
943
937
784
477
608
110
1149
1252
245
1291
1248
625
1193
1080
946
48
873
1222
521
630
479
622
729
612
824
1248
324
1257
1142
907
1230
217
1254
198
1172
785
1246
81
661
40
1245
1105
1162
949
756
1265
1253
1203
1124
497
1241
678
1201
286
797
1123
1287
882
490
742
955
650
932
1203
1196
778
1197
1262
845
426
820
74
1038
1060
898
1257
3
986
357
1216
1181
1097
487
1168
487
1109
473
64
327
358
376
171
186
877
1058
442
280
1183
1245
1204
1062
1103
212
457
863
1296
1190
156
983
1108
1298
1081
216
153
963
677
143
939
834
1060
1158
142
876
1219
1196
1225
292
1311
133
1092
502
741
1084
476
1215
1265
274
821
1268
1257
1241
874
153
840
947
228
1289
613
457
369
1004
1198
164
1142
137
31
180
1040
581
1172
446
1020
834
1237
671
691
960
654
681
1285
704
1225
1260
1175
1307
1237
971
663
93
920
725
929
429
1276
627
213
45
377
1225
462
801
1190
1285
1078
972
29
1262
1140
1284
1067
194
794
87
707
53
438
1255
769
1176
649
1067
1022
998
737
1165
964
855
1164
1065
91
717
708
1265
429
287
1293
1154
578
1227
1096
1234
855
628
1279
1240
1289
1141
1181
999
1045
51
1146
273
591
1212
891
510
453
1127
1199
1303
1121
1108
1127
908
561
1140
1291
1178
1002
1086
705
913
749
196
1085
1314
1090
13
265
741
1174
560
1236
1258
1192
1234
465
10
177
1089
519
11
726
536
1260
88
1087
641
1065
162
217
1203
1098
330
671
1170
1285
1153
292
1239
219
988
989
517
931
286
319
628
76
1012
1258
362
957
1238
1281
561
976
984
73
539
1066
597
719
1274
41
188
1010
1083
148
788
168
106
1104
1304
764
1154
1263
1052
731
761
912
183
680
1256
131
1179
1226
573
799
321
1203
795
1286
270
1039
320
893
244
1099
1269
60
1012
582
1264
715
321
1218
79
237
1038
435
630
1257
950
1111
1097
988
1150
1232
1274
1312
1126
213
1093
603
1227
514
422
1253
681
960
1313
359
192
547
1257
422
688
199
736
1092
1003
498
1110
127
158
779
721
1293
862
1264
1131
992
960
798
1265
1230
1249
1258
205
660
674
77
1180
1020
1300
471
1118
179
1154
114
749
626
973
1180
832
180
526
1056
679
1230
430
1027
853
1260
1030
1251
1061
842
1255
1177
725
1045
1213
557
197
1072
916
1211
869
1125
1143
843
754
415
602
768
1042
983
1282
1049
1134
142
1122
650
1210
934
964
540
830
541
870
524
921
56
1243
591
1243
1116
174
1279
1296
1116
1225
831
65
797
1245
1019
1233
1203
920
892
648
1058
1275
1090
1201
1173
691
1235
1257
1246
1287
953
1095
1260
1259
152
1135
1297
1030
1146
930
520
570
957
527
1097
960
636
338
831
1066
1157
793
206
1095
619
885
1068
1060
999
1130
803
1033
168
1234
901
241
789
1138
143
56
1202
1231
875
1266
999
1006
1209
433
708
433
575
1277
544
1273
1259
574
1323
674
1014
1249
376
471
1134
813
1137
1261
215
969
1242
572
514
1244
905
647
694
1231
1070
1091
1249
208
479
847
36
564
1235
1241
1149
358
955
1057
845
437
641
295
598
1011
324
950
736
1206
915
81
1144
220
607
1224
490
828
959
887
1029
450
910
1255
1233
872
481
360
659
544
1227
1223
466
280
103
502
1212
972
1308
934
333
82
1204
1268
744
730
853
1249
502
617
817
986
404
768
670
1266
1246
153
433
691
998
1259
840
332
1015
932
1141
17
1265
805
717
1131
1218
1248
1219
823
1251
1045
1089
51
639
681
321
1146
1269
1205
1233
845
245
1294
1168
372
1229
213
1231
1237
730
1183
1209
1265
1062
1055
1069
1052
1179
729
69
1089
750
1112
647
887
165
981
1238
30
1131
962
9
1011
1171
1261
237
949
812
607
849
1286
658
1203
1245
1106
563
1242
549
704
1087
1265
1242
698
849
707
1186
957
1287
1140
300
1274
126
1170
482
923
860
1157
1104
975
457
108
895
808
1123
1273
1293
92
489
360
246
1247
989
4
1211
549
1227
1194
1210
1076
1195
133
755
806
648
1226
86
1194
739
477
1260
969
970
1032
803
1276
1214
1273
1114
1187
656
1239
950
1191
901
1023
85
1124
1245
1245
887
1042
1269
1260
21
1271
549
253
1117
1061
1053
1300
1244
327
1228
161
1273
676
925
1156
698
686
939
85
727
1250
497
449
415
73
645
1233
982
1216
259
1209
576
1238
1277
448
462
609
182
162
918
1031
283
703
855
418
33
637
700
1178
1024
784
967
836
1234
693
1018
880
1086
1266
1201
644
1124
409
692
910
631
339
838
1011
785
367
1149
764
1258
521
1242
281
301
1263
219
21
497
1080
1225
547
67
37
368
934
733
1189
14
884
550
420
21
1228
1114
1256
1271
1259
1211
1058
1288
1066
208
674
1216
383
570
1243
557
1015
896
1269
212
492
308
170
668
187
430
727
681
586
737
1038
680
692
1076
1285
1120
1154
1009
498
945
787
6
1267
1033
650
1228
1238
599
301
1286
778
553
706
942
1261
342
487
446
1275
841
946
874
835
670
1146
622
222
631
1284
1037
829
330
462
1006
611
966
938
1233
252
842
1233
838
945
1119
1166
531
1232
779
432
1209
353
562
1031
533
878
905
478
1269
572
42
152
296
1086
568
159
1125
1316
546
1104
1292
1308
1131
1289
1162
1022
477
1140
225
558
1156
873
410
341
1096
855
855
753
783
575
1153
1213
685
836
982
1043
1117
751
1047
547
733
1070
1078
1133
92
1197
922
837
645
688
1279
1211
982
706
1230
1296
1219
117
13
1276
1260
1253
1109
1238
491
732
345
1124
958
996
1281
692
182
1147
1226
942
1183
1099
1128
578
439
1288
584
800
1220
1190
1226
1242
1214
461
1208
973
767
1222
1127
1295
1227
1216
383
1268
1046
982
144
625
62
1202
1268
840
450
1297
1250
924
1092
524
1190
950
980
723
223
873
1149
1296
1141
813
1032
1053
1168
250
960
252
1187
70
418
1005
852
1235
604
1246
1220
764
943
1231
1259
1110
1189
1193
48
512
1243
1050
1255
485
1241
473
850
395
983
1133
86
66
576
1199
504
484
346
636
217
1239
218
847
609
982
970
18
879
878
1233
931
498
713
1182
481
1032
206
806
696
603
525
406
1220
1048
1179
252
881
1235
1250
1257
575
313
256
365
968
1202
898
469
836
1176
971
1095
409
529
443
1004
1219
823
1204
1124
638
999
460
1306
1165
737
341
732
302
939
790
1203
993
374
998
1271
635
1239
711
1118
366
710
811
241
944
1040
1082
508
1053
1194
888
283
948
295
1264
584
466
1006
1268
489
929
892
1259
280
211
120
416
1028
583
1019
901
890
698
693
1224
1114
1036
1235
1246
1121
21
153
575
1245
1066
1266
1195
415
1241
4
1293
1241
295
203
955
1212
875
1245
1276
1102
375
939
1249
787
380
780
409
1254
1247
1296
27
361
1039
714
1100
1160
1032
1280
695
438
1013
1256
1248
187
1145
386
589
964
1130
1176
1016
734
945
570
1290
641
865
1285
539
1123
1187
350
1003
396
675
1279
1267
1116
1277
86
826
1208
1213
434
964
819
1105
1219
114
799
1234
1083
360
1055
410
1304
345
842
1210
491
938
668
652
689
1249
920
1144
1255
508
1288
1092
135
410
920
54
431
1249
450
23
1091
1203
1139
1139
499
488
1266
1221
794
168
1002
1257
1225
1200
1006
1191
253
1246
1239
996
1035
1243
756
929
1216
1242
100
473
1230
476
615
811
731
1009
167
1292
810
1117
990
1119
1148
949
438
59
1164
1296
275
29
1233
1026
1248
317
374
1129
1022
1197
496
22
512
1283
1150
820
1238
671
594
1239
1239
830
819
1253
1257
1025
823
1166
1011
928
696
644
902
1243
1018
594
1223
871
1221
1262
1247
687
414
958
1300
501
1223
69
1151
231
1131
300
487
254
990
688
1308
1173
787
1112
1244
904
1170
412
621
658
865
1116
1238
82
352
1152
131
1232
238
444
747
822
864
958
959
1165
401
400
99
810
1113
85
912
1265
1257
1224
813
914
889
1132
1189
795
468
1222
1059
937
1090
1060
1028
1138
1064
938
753
152
719
1226
754
444
1235
526
397
1271
1288
283
326
1072
241
762
1149
149
382
180
1224
938
1072
875
747
117
1244
1036
920
1016
481
1172
1292
1185
1152
123
1228
1092
621
1267
1320
396
1238
586
946
914
1281
487
209
453
1205
1059
1278
1076
679
157
150
1106
1140
749
1243
1230
1294
1015
751
882
875
1258
1217
795
704
1221
1047
1191
496
1116
954
405
864
277
1119
830
795
704
1294
671
1289
479
1203
410
965
56
942
296
793
646
88
1179
1159
1082
774
905
51
1204
984
244
125
1192
1040
1009
1224
540
89
835
1168
645
1246
20
1215
623
880
361
1294
1139
1053
1146
1040
1212
994
341
727
1294
109
1011
1085
588
1199
1273
855
613
960
606
283
824
925
628
1269
1189
1186
745
1084
651
1063
1178
662
673
1287
944
1019
1248
752
782
1265
729
1265
874
1094
384
768
631
1248
872
1225
1264
549
125
113
1026
1261
1090
1268
1159
934
1126
1231
650
1055
1290
1009
987
1165
1062
1280
119
1263
988
322
1188
135
1248
1216
1137
706
274
410
223
1068
1076
1243
1284
1187
811
787
1279
1246
1125
24
1200
577
1212
1218
953
1275
412
417
1084
1314
553
1247
995
530
1004
1019
320
1269
1074
1280
1058
461
1260
1168
974
1194
1024
1191
725
1092
247
1053
1193
1052
389
1049
234
849
1224
51
123
1129
1288
969
314
51
1075
491
140
297
937
1232
768
1229
936
1147
935
843
219
67
730
1190
1247
1126
1008
779
1174
1208
391
1028
1071
873
1138
385
199
857
18
215
502
1042
364
1154
793
107
536
644
1031
61
1170
1002
1114
1075
582
1090
926
1052
309
823
1286
1208
1228
650
174
1282
125
172
898
1059
1223
841
1225
7
1171
1033
713
275
926
1119
681
776
402
1220
445
761
952
537
1270
450
1241
1257
701
714
439
1097
1128
353
1198
580
103
629
386
999
335
1062
48
1152
758
954
1192
1
1250
1014
1056
1239
1048
890
815
1244
415
996
1278
1253
1288
175
913
1209
1216
177
966
881
1209
1113
1226
523
1223
1296
1222
1008
639
1232
1090
1007
802
1231
901
626
5
932
1162
193
1257
985
1265
240
1303
747
1218
1181
999
136
1295
1224
1037
1110
460
7
1010
986
1113
308
1153
1160
518
1106
1154
222
555
731
1277
679
1253
650
1113
1218
349
506
575
1200
1263
348
1119
239
1089
125
1294
1212
1270
1224
1273
1119
695
273
1231
180
838
302
1157
537
861
1272
826
911
63
940
657
823
1019
1036
577
652
115
1017
985
1159
705
1118
706
780
778
360
714
1132
1127
1075
1140
1296
1180
1270
1088
506
825
273
1062
630
1203
906
469
1178
1090
1145
12
292
150
524
334
520
361
860
151
1214
982
428
1270
765
357
641
845
785
4
988
1237
1217
555
402
1260
1177
1039
1195
14
559
1189
1048
840
2
1147
1015
1252
1242
836
287
991
12
8
675
11
1216
1245
1214
1263
1273
909
952
1290
1291
38
291
1100
436
164
700
1108
885
1164
421
1010
846
1283
983
722
865
1226
418
1280
1119
1251
558
981
396
627
331
386
177
1177
404
246
926
1170
907
1193
149
105
1303
747
253
366
948
971
1217
1144
373
678
712
1259
1252
714
1128
984
832
709
179
40
1253
1252
1035
1192
427
1253
1186
1146
628
254
461
1255
932
1265
419
750
1274
1292
817
69
464
1287
1132
990
223
1293
458
349
824
1140
438
753
1264
1295
1009
196
149
935
127
581
1236
663
1263
221
1259
251
890
547
1258
1293
757
728
1018
1087
1249
75
1267
223
44
1229
84
1035
1167
615
254
762
182
1137
440
889
83
1251
1297
1221
571
780
410
145
1274
365
1265
1291
360
375
1305
576
238
243
392
1270
837
931
179
231
215
404
933
611
1160
1232
1294
576
1205
536
1031
1296
1239
1179
1217
1252
459
1291
1142
1218
1139
1276
368
1307
280
76
93
381
811
1228
959
838
417
1234
297
1288
312
1030
1083
1241
1026
241
1151
1247
1220
616
1283
397
1068
778
603
804
791
109
1263
1225
1295
1118
1248
146
1096
1053
1287
447
344
924
128
904
710
1195
846
1256
1161
468
532
1154
1031
1263
477
407
637
649
1131
1243
1132
1240
178
1178
1240
174
1207
1289
565
1177
1076
1104
675
788
338
969
872
1121
1167
1211
1220
610
8
273
1227
434
1055
1247
1128
1255
679
1113
1207
1278
795
1128
1216
1253
1197
1214
31
318
777
895
914
1261
683
1135
1149
419
1028
1257
1011
130
1053
1235
1245
1054
1207
728
1245
1087
1113
391
1290
946
744
218
152
962
234
902
1056
378
1264
639
119
104
1121
1109
1008
742
100
814
1206
595
20
1160
547
1273
262
758
331
1270
681
1055
1241
1238
661
805
34
1288
218
1126
1283
1092
1183
1089
178
329
106
1242
1017
1277
1230
1106
1252
959
925
516
1254
1234
1251
887
1260
684
363
201
1190
1096
1106
260
682
433
981
895
1085
445
1176
1206
1295
761
1296
1167
1244
1022
1293
1024
1241
316
807
898
690
1234
1051
1267
1192
725
451
1083
682
741
77
629
178
832
443
383
1105
1152
1274
1207
1112
1150
1247
755
1204
980
349
940
468
1164
789
444
409
697
1264
863
932
253
399
841
1220
1236
813
1221
510
1210
714
1200
1238
1282
1049
650
869
411
806
921
1111
1128
1176
1244
957
1139
854
1122
816
1271
1226
690
1158
1181
422
1078
798
772
939
380
173
1255
877
1112
496
1228
1249
1256
1251
773
1141
1190
1278
272
130
1244
1087
381
490
1260
1284
417
1223
738
629
1204
1243
109
1170
1212
592
189
143
490
1007
1192
1192
1182
1044
1155
679
986
449
589
302
917
1038
245
1201
53
1203
693
1265
786
326
1136
1180
487
881
704
1117
813
1243
1244
1160
61
920
1176
991
702
1034
402
396
927
105
723
1270
1220
949
714
1261
1232
1252
423
1077
908
1218
435
1283
475
140
2
1154
1186
1244
383
765
537
1138
585
423
1300
1224
994
996
1060
297
1235
921
419
1092
1212
507
1270
1167
645
132
50
407
747
1283
1210
357
789
127
1151
1033
1049
1255
843
1163
1230
967
897
46
1011
111
627
1098
297
682
1232
962
134
1281
654
1194
653
301
213
1041
1278
791
249
754
1039
562
1263
823
546
1198
204
1286
1039
582
226
1072
180
300
1286
1069
489
1146
1168
726
482
204
601
1151
1137
1158
593
