346
1078
1170
995
1148
1232
977
821
1216
1037
846
1227
1260
1169
578
1240
263
1142
1000
958
713
562
1209
1257
988
978
895
902
900
510
1218
1248
1257
933
465
486
1198
212
1239
1238
1238
1293
1241
926
1107
172
1258
1000
984
232
1014
45
1155
1180
1219
1236
755
92
76
920
1157
840
997
543
1266
933
1163
449
221
1162
1114
1220
1238
509
1026
1027
1083
238
1215
939
452
589
1120
634
811
904
235
378
1220
778
1198
1262
857
1022
1264
711
1167
81
36
1186
29
410
1119
1086
501
1220
1146
1212
1280
837
1047
485
593
795
89
1147
1112
1109
954
1155
384
820
993
1214
499
1238
812
739
501
129
422
1235
1231
1256
296
1061
836
1272
882
1175
1066
648
1160
1280
517
872
564
559
862
1240
1118
874
1199
799
1223
1228
1215
1226
615
1109
1027
308
1260
1163
401
1245
523
1193
524
980
699
213
1133
1154
1195
1221
1246
819
55
853
609
629
21
544
406
1243
1238
1044
1243
698
799
1172
459
1233
588
857
1201
1217
1255
1235
103
720
428
753
225
359
1169
1124
1191
10
1140
507
866
1079
212
140
212
1171
998
130
1089
840
1255
1064
1263
513
1026
884
1257
1276
1204
798
1216
1151
959
947
1005
1075
636
1104
1148
1286
1254
1034
109
21
561
1217
713
1045
448
230
605
1230
777
1132
734
1220
1058
172
893
1103
1236
3
1209
568
1141
356
1250
1227
482
732
1279
1240
946
1096
91
791
765
761
343
1261
821
201
1039
1250
277
1000
730
1206
707
1178
813
1234
585
1142
1231
284
1214
793
862
948
1246
337
370
1242
80
1238
32
1102
1230
5
1214
173
1257
205
58
1020
480
699
783
737
1009
1275
1232
1151
320
936
736
1252
1174
1250
1222
1226
1141
825
1217
102
1276
1212
145
515
1224
1223
1264
894
1125
382
1184
1133
791
590
1161
1220
228
551
190
1274
742
250
1092
1140
1259
1258
94
47
942
324
1040
1213
1134
801
1231
951
719
1200
1169
322
1154
515
1135
1284
86
754
848
1227
646
938
152
507
632
53
43
1133
115
1098
931
1111
1227
544
648
979
500
1047
17
1180
1253
363
1125
79
380
1250
803
451
438
304
118
365
1196
716
1211
1258
1040
369
602
850
1279
1030
1256
1183
1237
1230
1001
1189
677
1222
1027
361
1229
628
1059
672
229
396
1051
923
670
1215
670
948
1016
913
341
477
1275
1155
1125
1244
1093
940
1186
1091
760
778
1284
1054
97
214
825
1042
1129
577
1194
537
1230
902
1285
455
1198
847
1019
1091
1233
652
494
252
980
1223
1235
1036
1177
891
721
1228
1102
892
109
151
1139
1262
646
521
634
512
1050
647
909
1224
602
1106
1218
887
442
1136
1246
1194
1286
1263
154
1248
779
909
967
1284
783
1223
1083
1213
1075
771
83
1270
1124
1222
1230
1244
1086
810
116
206
643
1217
645
1128
1161
1190
1210
916
1103
888
562
1228
639
48
24
554
1162
274
774
417
1116
1162
1242
806
648
449
962
1265
1219
510
1285
1244
1052
541
860
1037
1255
831
1216
1128
927
897
1172
1214
1065
1045
1077
50
1254
1221
711
857
1191
1256
1144
239
1011
531
1272
705
1130
1251
1277
1245
1240
233
265
961
1016
680
420
622
83
1019
1251
1121
791
402
1211
1070
965
1205
1252
384
73
512
1207
116
684
1262
1223
437
323
932
608
1014
1249
588
94
917
1174
1201
1030
1182
1193
1286
442
947
104
1242
754
749
123
1185
1282
855
530
662
666
899
1154
612
1054
221
173
1042
1237
929
991
1204
1238
547
839
983
999
1175
1085
835
1224
1011
1142
1254
643
715
655
1105
1074
582
1258
1230
164
1194
845
1128
1279
431
1055
1167
1084
596
882
1074
244
1268
1265
1174
629
1238
359
1026
1006
1041
635
1213
735
422
319
845
410
942
1282
379
949
485
742
1242
1232
1244
915
1068
1115
281
997
583
1173
382
1278
613
971
1261
161
1239
1214
1218
1274
1195
519
716
130
182
651
1179
295
259
700
77
522
1151
1234
747
1142
92
261
1199
724
619
1204
193
1063
1085
341
984
1271
789
698
450
563
799
604
1256
1231
280
851
1119
1227
850
950
632
303
781
1165
777
1100
534
1178
761
1242
997
23
1176
227
236
1190
1063
324
574
1278
561
1251
667
468
849
1154
1288
958
19
1172
1167
1186
671
707
289
1155
1138
1054
424
1082
277
106
1240
1081
1115
1257
571
1252
1103
1103
1134
1137
1085
252
202
580
601
219
399
1170
913
593
1243
311
1278
361
1236
318
1256
407
514
1190
1073
8
1247
655
1022
1122
240
1182
690
1217
1214
1184
376
527
1155
899
93
71
1102
1133
1134
902
1058
1142
1180
1220
474
214
970
227
1054
602
703
236
706
738
1281
1059
1192
210
1101
405
928
239
960
1252
335
521
1253
1240
1008
307
1034
1186
1169
372
422
1138
1117
1217
1283
1187
1243
1237
1269
1250
1227
1187
1193
950
1264
1096
1051
1099
912
1173
92
1101
551
1010
1240
1281
1238
948
754
863
630
1216
1109
748
723
949
1226
975
1131
1240
744
509
1226
466
948
912
1300
783
206
1222
434
70
1235
241
419
703
1265
429
1245
873
1171
1220
944
537
920
686
1149
690
1077
227
975
974
1159
616
1260
772
1129
1065
445
75
1264
1221
50
960
502
1206
1099
990
784
1221
548
53
141
1181
1230
1070
1262
499
693
938
1006
1256
1227
442
1072
307
863
1035
1218
673
1201
35
832
1045
1209
1085
339
1126
814
1078
560
998
610
1236
357
462
142
1147
1092
658
7
1186
1280
979
1078
141
728
182
33
851
1083
205
1156
471
368
576
1143
427
1231
1260
1026
285
873
762
168
1112
1099
774
552
109
1010
171
546
1168
1148
725
405
1075
1036
172
859
1147
1061
658
247
40
958
1242
1287
807
414
1098
966
1002
1223
242
1033
526
749
422
574
709
778
1237
1166
692
491
305
410
255
1176
1123
79
682
14
1217
419
1226
1207
379
1072
817
1253
1213
456
1233
1248
141
1166
28
73
246
439
904
1264
325
919
737
606
139
1218
197
525
252
1128
1182
330
663
1093
1099
645
852
1071
1221
804
109
218
1115
224
262
1088
1230
207
377
305
501
864
184
1214
443
1229
526
571
626
288
351
683
1187
707
167
1013
1049
1073
1203
569
1193
879
649
701
1285
1187
1109
1203
941
722
847
1101
722
898
229
1280
1270
716
772
472
927
105
48
1017
1223
1281
1210
1183
122
667
1231
1121
1058
433
226
924
195
556
215
1167
394
511
869
835
1256
1149
1157
721
1224
542
425
952
98
215
725
804
1285
833
440
1140
378
1123
1046
378
1247
1000
626
629
284
1082
1293
1243
924
66
1170
1184
1182
1139
1283
284
1184
1204
1217
896
1293
16
624
520
576
1183
603
1225
1204
320
287
125
1252
108
1268
174
1112
600
85
1210
859
1116
1150
1252
1061
1227
1271
128
587
814
220
910
400
790
809
157
200
1278
1058
1237
1223
1093
687
1041
784
360
956
807
1214
1247
1145
1220
1217
1161
1167
373
805
69
372
1035
621
364
673
1023
559
1005
1254
841
1082
1285
1071
1269
166
940
1077
1046
1046
879
934
228
1275
862
1017
976
3
1215
1158
1278
214
1106
979
867
1206
1152
1186
1140
1180
1161
1193
307
726
1204
1267
1110
1291
1100
1022
480
957
862
813
149
432
1071
894
1129
1163
955
1223
1150
1233
948
362
1099
1169
415
1277
786
461
1214
577
869
941
550
1075
1219
542
1248
1175
606
831
902
593
614
1297
404
1224
1251
1083
520
1195
873
326
347
1257
947
961
1141
990
1221
1290
617
735
949
919
1067
1029
1294
1098
1226
902
980
305
999
1257
1135
113
1144
22
610
1226
1222
981
852
1075
1302
465
1170
739
1094
602
1228
998
1024
454
1227
20
904
948
1173
919
914
645
1263
1193
1247
1183
909
831
432
1086
814
935
1137
1200
1019
970
1210
206
1224
735
1201
290
1164
1231
655
662
1188
525
401
937
1224
1219
842
813
335
887
1072
1173
293
787
1093
763
1240
1213
1209
959
952
489
1254
833
1203
504
652
1189
1218
729
936
947
255
1054
1223
479
451
981
45
1257
808
1137
1119
1165
512
1051
257
825
1278
1055
1206
25
826
998
1029
998
1132
876
1227
907
1111
1281
434
11
1262
733
1197
878
1043
1042
1236
1267
728
944
96
532
1253
28
1223
1154
1244
926
799
1160
843
1219
726
106
1157
627
1211
1145
993
1210
1170
997
1266
1044
729
836
665
939
1119
1230
1205
1213
1262
266
911
336
1139
352
1191
127
928
835
329
572
780
1235
1189
854
1118
409
1219
1230
1149
916
917
1261
644
1074
937
1110
576
1011
1168
215
1121
842
1188
896
197
383
1290
1229
315
997
368
1158
1210
945
1280
1200
1246
366
844
1245
1189
994
1039
933
1145
329
1017
259
500
581
1077
1282
155
1012
954
1095
249
197
1050
308
184
966
1154
872
1259
848
1143
836
654
540
103
547
1248
1211
1072
874
901
1240
42
140
1099
1256
1267
788
97
358
698
1237
294
1044
944
1127
797
1213
990
599
1218
315
1276
616
1279
241
230
75
795
470
390
705
934
1179
1167
732
705
1147
964
317
324
1076
1273
1247
626
1010
1164
345
1255
478
1201
1060
1074
1230
43
1237
1273
322
269
1213
774
1221
426
950
1276
547
1209
819
204
95
1255
1219
995
200
868
1094
595
853
505
266
543
1086
782
369
1163
648
1178
837
1247
582
1223
807
818
1228
1264
759
1267
1119
681
940
1162
708
748
1210
881
1150
363
1258
457
407
317
606
254
28
1109
1177
1184
1267
1258
836
1082
113
940
870
1221
1047
624
479
1093
460
1239
883
1236
1036
20
812
1130
1036
411
197
1125
788
1055
1083
47
155
1083
1114
1163
1221
1247
1130
341
956
996
895
1141
352
714
999
1226
1291
648
1260
829
1279
357
261
881
984
1045
408
1144
1194
1224
1219
868
1093
760
1032
1263
768
1213
526
874
16
673
869
322
1206
1179
1211
567
1031
1270
382
973
1106
1283
489
1214
1060
469
1273
1019
320
996
1290
856
688
1144
1092
874
1067
1245
1020
1092
323
1248
1224
1150
1249
878
927
1220
1068
1026
1224
206
600
345
1197
1073
1280
1227
304
1250
244
1174
1111
929
1219
1160
1110
707
1278
673
891
1185
838
828
943
1134
131
974
330
560
13
1108
872
266
1152
1241
389
1104
487
876
1129
1289
1051
496
1006
1211
1199
454
951
220
269
1281
546
1073
1212
544
675
380
742
99
1142
577
1031
341
293
1154
645
1222
72
858
1274
1212
823
1100
938
867
426
1075
915
184
847
1184
514
367
1239
1112
907
1225
989
1263
1159
1087
1062
436
1242
715
39
736
784
735
306
1087
1217
573
199
1170
212
1219
1107
504
1193
1013
1185
1220
765
255
823
331
1287
736
1225
1285
911
1164
979
351
656
2
970
699
1044
1206
801
475
1274
1191
212
1040
632
888
1257
1182
780
868
920
517
991
638
932
1210
1287
1233
584
1151
948
425
1275
1250
403
1175
1245
670
225
1196
52
1208
1264
1084
387
695
934
1227
1202
955
913
1229
508
433
546
1239
811
1198
522
177
1229
850
998
1150
1195
963
1220
904
1263
75
845
1250
661
775
897
1177
458
1271
1246
173
1291
117
1174
1222
726
815
994
904
1245
1284
1224
846
1223
156
728
1205
663
678
1216
1089
782
310
1242
1124
495
473
1264
747
889
157
422
1017
1274
43
1125
1253
1083
1165
360
1245
1238
889
1159
174
212
1216
1168
829
786
668
1229
166
607
1263
1221
1268
238
897
1168
1160
1032
1169
229
348
655
1222
889
1013
1196
769
1095
1260
461
1054
1290
1052
1258
1189
356
730
1218
1080
751
250
1224
1132
1086
1261
2
900
346
769
685
956
1175
959
1231
80
880
1121
1228
1147
1261
1212
595
65
181
404
1079
1169
754
1275
470
778
872
544
1223
111
691
1051
143
491
991
603
1264
106
347
787
524
1189
547
1072
1167
443
1192
114
829
1240
1006
401
449
928
1126
906
73
1231
514
869
979
1054
36
998
436
581
1139
127
1240
1080
923
1246
660
1180
308
1220
1115
886
1215
1262
485
1139
1046
889
1169
793
413
586
499
1026
175
600
1016
918
963
1037
1069
1171
619
1234
1034
1264
196
995
1231
77
783
420
330
1280
989
139
1219
718
304
1205
909
490
1228
459
1241
825
139
933
1172
319
855
1079
993
307
743
171
947
347
1213
461
422
917
1234
826
1000
286
912
1037
826
1164
1236
1191
185
1045
1093
755
1104
1125
1228
1049
226
1172
1291
813
951
411
1060
209
54
1255
370
752
850
1196
672
1180
324
1214
453
216
1137
206
1220
448
858
364
850
1217
1257
1195
267
1254
646
466
801
971
922
380
1226
685
364
221
1176
450
314
456
271
1170
147
1144
1206
1140
1234
1125
1248
1181
1141
1064
719
932
478
1047
766
1250
853
1082
484
1009
290
354
460
1254
1290
294
965
1241
1163
449
1019
103
1196
1224
1052
800
958
1160
1277
1112
1083
274
148
1229
912
1262
812
193
1174
714
1063
1265
943
13
830
1087
1242
1
861
976
535
1181
642
438
762
1209
1236
715
373
423
1228
733
1239
1133
737
1223
1082
1053
1295
348
21
1273
404
852
1047
1037
1002
978
867
1221
146
624
995
584
1075
234
1155
998
392
1026
349
641
930
1205
1043
819
82
1175
1134
1160
827
771
685
254
1279
64
1235
1156
1185
1074
936
1236
1224
952
977
687
980
1252
1213
320
98
139
204
626
448
1206
1297
724
1240
822
1109
1187
1250
967
1157
422
117
1223
1167
808
891
976
912
446
574
82
505
1224
1080
516
488
221
757
1205
807
40
203
941
277
446
1187
1162
1287
1219
549
1228
1002
518
1168
1248
524
253
297
1283
389
897
950
894
19
729
228
1243
1251
938
1160
796
1265
1287
163
582
512
1269
1295
243
175
1061
810
257
1034
1173
1056
399
1105
1112
743
130
68
98
1284
1026
486
824
1261
992
1250
929
820
1205
1276
783
51
788
595
824
790
1235
38
1260
744
684
528
27
790
519
351
676
1207
1238
82
72
40
1283
1253
1079
1108
376
230
131
1172
965
745
891
100
1125
1257
44
1225
874
268
915
440
1036
117
531
1184
759
848
1277
1250
22
1128
769
1254
1168
127
1287
359
1108
416
1121
570
143
1191
1017
690
393
1007
539
1244
718
1212
1180
1148
265
799
1083
1161
79
33
1242
892
602
252
75
711
374
548
136
1262
130
120
503
1174
1149
856
1232
480
588
1260
638
1082
1238
1222
535
694
774
71
385
817
1214
1219
1197
150
967
1184
963
1261
1228
19
719
951
1268
1184
1177
798
572
817
79
1166
534
183
994
806
1031
694
571
1191
1221
884
844
169
1279
470
792
902
822
352
1163
1297
1127
1168
1141
1109
38
1209
1245
464
517
1111
1082
292
273
1246
457
127
738
1275
782
235
491
1172
1236
636
339
219
1156
167
1273
195
1152
459
485
1238
929
547
1149
840
1146
907
226
1240
632
1219
1182
676
492
126
1125
778
491
325
1253
690
889
1171
722
696
746
45
816
318
1287
806
1253
1055
519
881
408
805
1190
1264
922
1260
1204
967
1120
351
622
938
1241
1274
1233
947
628
799
1182
980
1216
606
1246
998
812
1224
1194
29
1137
1093
157
984
1197
388
125
943
1060
979
1193
403
1196
1212
644
599
7
1251
1072
1211
57
161
1197
1169
1231
1231
414
546
820
883
562
1207
1170
196
775
1250
629
298
1124
893
1206
1222
595
879
1192
86
867
1205
1205
1061
1238
5
1047
1034
1233
812
880
826
174
478
898
614
1126
191
1195
1241
1227
1155
1059
211
430
1271
833
442
1196
31
886
113
1185
1045
610
1181
1178
445
133
326
1042
675
1217
713
129
349
1236
1205
959
480
1245
1236
440
1167
1238
1203
1226
1169
405
433
1011
681
1296
592
875
993
671
928
955
1275
1271
1112
1037
1225
870
236
1095
673
368
1222
936
1248
890
230
203
759
867
839
516
460
13
1239
394
439
1201
1063
687
684
1126
768
1051
1116
1221
248
1278
959
814
786
1180
1255
386
352
1265
867
28
104
1174
850
526
371
1195
183
1062
1278
1019
1058
1130
1133
807
484
1058
512
1028
845
411
615
303
1223
1030
1203
570
1214
1268
658
1211
1183
1225
497
1272
1022
315
506
1249
999
1222
773
641
1276
1282
1254
1229
213
1222
1202
192
1217
1240
450
1235
446
945
1052
48
354
756
1268
152
1246
313
782
1245
589
525
655
448
1267
691
886
482
581
1226
1251
778
90
1052
1266
171
752
970
332
945
1232
74
1247
1262
1027
592
825
1262
1219
436
739
774
489
78
1150
1259
1274
1055
709
841
792
36
1253
1182
284
1041
337
1097
1247
639
1215
987
958
1150
685
1135
156
1102
1062
1204
1182
25
782
1275
1235
636
170
278
26
992
871
503
1258
520
1139
526
133
371
959
812
775
1209
1043
1177
1226
1220
1047
418
756
1240
1222
989
881
604
620
1181
1006
1254
984
1227
1220
885
639
1291
1249
1238
21
1257
748
1192
642
1196
1255
759
216
1096
1252
1231
1078
498
1209
1165
790
747
1061
383
1190
12
190
1084
1178
613
472
1124
399
615
1088
474
707
1258
335
456
343
7
1271
1118
1102
1244
1175
1259
1208
1177
818
303
1252
1220
180
1235
1038
1282
1202
1201
1011
136
1182
582
468
88
117
483
1220
740
1011
750
969
1268
1278
514
1239
1140
853
759
622
968
58
616
1118
1104
899
444
817
1210
1022
1249
1118
588
1194
777
1179
145
370
1210
193
1014
1203
1213
135
566
1064
312
348
1214
379
1180
664
532
1270
925
649
778
86
1181
963
658
909
687
977
848
1274
1195
1001
1218
281
649
430
65
1072
172
1181
1235
1123
94
1280
662
781
1043
942
1284
718
1239
1298
382
447
569
364
805
1268
1207
1162
317
1169
1184
1165
832
747
1244
1190
857
1283
705
1108
892
870
967
285
1259
1033
447
1192
1216
1173
818
430
1257
37
1190
668
596
1192
944
693
1001
541
644
38
1041
1273
529
1239
1187
166
1053
163
1204
228
757
1270
1269
263
80
911
377
988
816
1142
1262
394
1299
925
922
813
1228
1131
506
989
241
266
1096
837
743
1237
919
259
1144
577
1013
661
1045
1238
1105
1292
1140
1022
894
1182
555
95
902
202
1127
1105
638
1150
765
828
1241
1017
1054
221
165
1181
990
662
684
573
860
1100
799
942
732
454
1199
279
831
1237
1051
1143
1240
989
1256
1101
582
1191
8
1301
1043
1229
835
1193
714
862
1157
558
1078
1121
1266
1208
1183
868
889
1272
1205
602
1227
827
547
868
490
1177
1255
429
202
1127
1156
1179
143
1087
725
687
1141
1154
1214
308
163
855
308
964
1178
1087
1222
1275
1097
774
1071
1236
746
1272
477
401
792
865
609
1163
1296
1218
657
421
1147
771
701
1263
1224
638
1259
1210
967
794
758
615
1243
1028
864
157
1229
1121
142
1277
781
1255
53
1247
1276
766
1023
664
1200
1017
1119
1139
1247
1191
826
1219
1093
1089
328
1165
721
1090
171
1006
141
859
238
1145
1236
625
1078
20
1231
1024
1166
1068
1195
1257
1146
799
1262
980
1158
916
312
956
333
693
986
12
1257
382
547
371
271
884
344
1064
1096
739
959
647
994
1214
1197
1108
1263
1200
905
1077
153
1182
1247
1225
989
1256
1050
862
224
1254
279
938
1228
1238
1006
76
968
91
1261
1268
256
1193
942
916
139
74
343
1137
1278
1059
403
577
523
75
756
270
441
244
1002
468
448
697
176
1232
1061
1213
55
1187
1220
1006
1206
866
1273
72
514
615
736
762
1227
1194
885
344
1073
630
1195
944
1223
479
1120
315
1255
650
957
908
548
901
836
221
1068
234
1056
461
1185
1056
449
1220
1260
605
1141
1164
67
1237
1221
1114
370
944
1006
773
1240
1202
1210
893
1022
1186
1236
674
915
767
1284
720
807
1289
797
418
1275
608
698
637
724
1253
729
780
1173
429
1279
838
958
719
1270
329
1137
131
1117
197
1193
445
1270
1219
1225
231
987
1240
405
1203
483
645
1228
1029
505
942
1275
653
1020
1172
976
544
1041
832
782
1280
648
1135
936
1268
570
382
553
1073
330
926
805
1082
1143
1192
797
147
1280
1279
745
1136
1251
1218
1160
562
1222
169
759
677
195
1034
1193
920
1225
601
179
413
700
1206
700
1100
645
1038
823
744
814
459
628
1201
758
1143
1294
72
522
1133
987
630
1168
840
570
1164
1128
1242
997
1254
161
713
1222
1131
528
992
142
1256
558
565
1238
323
754
1213
1266
907
655
687
1233
562
446
595
201
571
1112
1249
1074
1287
1186
1210
1101
1290
1267
1269
46
1106
216
1060
1172
803
1286
1227
1011
1118
894
667
503
877
408
15
1129
981
1255
803
55
217
1216
1132
930
594
1141
111
1270
1264
1187
692
760
1252
1159
1288
768
1181
745
802
13
1258
1191
1253
481
834
1218
1270
447
1032
827
898
1033
525
1142
1191
1213
1222
1133
451
1221
1191
1249
1161
877
1291
1255
1141
105
1011
873
1189
1253
379
575
1194
480
1087
676
977
1095
1164
817
1091
1141
818
986
1227
1050
429
1177
1137
1260
1173
861
1125
511
1234
217
1223
322
1045
1193
668
824
888
1183
795
419
1153
1202
396
91
918
351
509
1101
1036
271
770
284
495
948
1168
1207
1060
1296
73
1302
518
689
1109
1052
1046
827
354
1259
171
1255
952
1219
1281
199
132
214
1245
973
1141
819
1239
481
847
1009
324
670
1207
1204
91
266
1242
483
1014
1000
1239
1002
1263
1053
819
578
1000
1202
1091
43
1140
1273
104
703
834
593
117
363
1279
1065
897
392
356
1004
699
1264
629
47
1192
1251
770
1121
848
1057
462
1260
420
1274
1253
1283
1146
1223
168
46
297
789
1232
1177
743
189
1209
1137
1133
105
697
711
1223
935
1041
1286
1206
362
711
1210
1186
505
1134
1065
1237
324
1053
1266
351
1240
1164
756
656
327
1229
686
883
126
290
1229
1219
37
990
142
1218
1269
381
145
933
556
341
1066
852
977
178
804
1163
1276
1180
468
1081
881
246
1199
1206
116
764
1133
856
922
842
1048
1228
478
1205
1035
191
1213
829
163
66
1082
1217
670
1023
1232
400
991
1067
432
730
1250
1175
1011
295
697
1010
1052
1144
1184
1257
1084
64
31
952
1173
481
1024
992
1269
1126
1243
310
1009
1265
1233
1215
1168
743
1224
157
614
1205
1259
1094
1010
511
992
1230
848
935
674
697
1140
868
387
1078
701
276
1274
1236
1098
1202
1261
1258
57
130
332
443
483
304
1069
387
1139
1125
876
1247
782
40
1186
1094
1209
958
629
648
997
794
1203
236
709
1102
578
1203
1075
852
363
1208
258
752
846
1205
1132
300
1060
849
275
1129
1238
1215
452
859
852
653
825
1277
1078
1237
194
1106
457
1203
1280
284
1279
80
331
330
1279
1217
906
1031
562
1191
515
721
123
1165
1063
713
1147
1173
1248
1199
1043
704
1206
1237
705
1268
82
130
793
1187
1258
1237
439
523
1081
1255
1209
115
1173
1174
520
1264
1148
627
1271
1210
1121
1022
1137
638
1080
1153
1260
1232
332
780
744
563
293
800
327
1215
1097
287
448
442
1145
356
1224
747
1260
1196
959
1044
187
1048
1069
614
538
809
250
1021
922
1105
1170
1217
1213
826
649
1030
1008
364
1122
826
557
137
1086
1225
1259
313
960
1262
480
495
1048
264
961
518
779
76
1295
932
696
207
54
1184
1
120
11
360
939
16
1246
604
665
1194
331
362
75
974
1231
930
1156
427
1287
1235
938
767
1170
1285
482
526
1021
398
898
1268
1007
1216
1264
881
1227
1135
874
1018
1015
1132
1255
843
1260
1250
1076
813
713
1185
1264
1167
1255
196
898
1026
1263
888
1266
726
1112
141
1063
665
1261
1222
39
928
1109
1102
1126
1263
938
811
1252
856
1053
16
331
486
967
723
24
656
1246
1233
1254
440
1033
1188
1286
1029
558
951
1164
1218
1217
1133
1015
1257
848
942
331
983
263
558
839
973
156
433
1266
967
1108
524
352
1215
1195
963
65
77
380
675
646
47
101
305
1166
1262
1194
815
49
1116
845
1140
409
1220
234
1102
1236
1159
940
105
1212
1232
1083
85
678
1216
36
1152
411
1034
258
1242
1075
788
1208
1256
987
556
684
209
1090
277
501
768
1181
1203
295
1253
1210
1113
1252
1245
968
1253
1169
1040
1139
1211
532
686
1138
1127
980
742
924
336
348
1069
361
308
1204
1144
1130
349
465
400
1057
655
993
1187
839
1109
1145
1066
1014
1063
1205
48
923
1018
1229
1203
788
1189
606
14
965
1275
1149
994
985
656
561
1100
1104
636
1064
788
821
1072
551
777
911
1102
1011
1250
1166
690
1273
41
923
706
796
631
331
516
1177
1272
46
790
304
1165
909
980
654
1275
1217
1079
161
877
1084
1120
443
788
168
703
987
1200
221
1237
1229
1256
842
1216
1264
401
1177
776
1164
1054
912
802
1208
900
1141
1204
1193
1267
744
1273
936
815
702
889
910
1147
882
369
1109
1071
1227
1156
1137
137
614
457
606
904
390
1256
1150
726
1038
1234
872
868
1129
737
1135
612
640
823
1206
78
1190
1279
427
932
1170
1225
574
22
455
848
1265
716
562
1071
615
943
886
1231
1255
914
1089
416
1271
1174
1231
761
1202
1233
562
1018
146
322
972
1171
907
5
1266
1174
916
1200
1217
1240
336
1202
1080
1078
584
1228
1229
947
1131
750
6
814
285
973
431
678
248
421
1219
173
1180
807
884
394
225
905
575
691
551
1232
1105
184
639
637
709
1141
595
949
1250
1076
864
1166
486
300
1273
1274
1288
1218
1094
881
1235
1223
1120
896
924
856
1080
261
657
1131
1220
288
1253
795
1202
129
1247
1074
627
709
1221
212
207
1187
1035
1229
938
736
1094
646
1231
565
219
82
1213
1214
1235
1253
876
1088
1159
1094
714
1142
1099
1081
646
975
1239
289
775
1178
30
1219
502
1273
686
515
1177
1097
1247
405
1113
201
291
770
1223
1060
734
109
423
954
806
505
157
1165
555
1140
246
1192
1233
1251
1237
826
836
374
864
1273
1041
938
1001
1211
1050
1196
1000
959
390
24
1275
1212
1257
1248
1101
1247
1192
810
454
1266
1263
1236
1221
823
1259
1086
401
1259
1240
1179
1223
1262
664
1211
1254
284
1191
1202
606
598
1129
1173
1210
1241
914
980
1298
209
342
692
367
679
13
1046
1226
