1173
897
741
1189
617
1216
68
1025
1196
1192
1228
332
884
776
1267
663
179
1190
37
966
1216
767
1252
1036
1232
1192
943
477
176
869
544
1164
949
175
1107
556
993
1234
776
1106
7
661
1178
824
73
189
1211
780
931
1146
182
1241
1247
1226
40
33
1236
556
1116
1195
823
896
595
1155
656
165
1234
131
379
1074
1219
933
1205
650
884
914
1211
836
92
1104
1230
1211
787
885
1215
963
18
1222
909
1223
1073
386
1073
1209
1105
1229
905
1214
998
836
1022
1032
392
1215
1253
621
1144
1056
1215
116
1231
652
877
182
306
1116
892
771
1228
1146
1050
1223
159
1204
623
1262
1256
1185
964
932
907
1047
1264
613
869
1125
788
436
1225
225
1139
795
1081
1180
1210
767
1170
1141
863
359
295
728
1116
1206
1086
776
914
852
755
1048
344
128
1216
1241
874
907
1222
1253
814
155
1188
746
1194
1038
1046
1230
1202
1092
1144
979
1233
1078
1233
876
1213
735
994
1173
442
1026
1263
617
1154
200
752
770
535
243
1201
458
226
973
1146
1254
793
206
357
1188
797
775
1240
763
1151
1015
1190
156
1118
1129
1086
306
1184
750
1215
513
1221
232
292
1161
978
1228
599
128
1136
102
1087
1219
871
1091
814
927
1176
1206
1209
1020
1181
797
277
1114
331
30
135
663
704
1251
1189
1206
1097
80
430
200
853
1084
1041
1077
683
984
1230
977
1106
734
956
606
867
1047
1119
721
1028
835
206
1096
430
244
1028
1186
979
1202
853
1154
759
308
1136
42
899
672
1231
1110
560
239
1181
960
360
717
1228
820
1208
625
859
666
1246
748
369
956
909
1159
702
594
641
859
911
1230
323
279
1217
259
1212
1202
333
900
1241
1211
1197
808
1221
1242
890
200
1227
196
1249
1227
1100
1144
1026
1271
857
865
364
1080
856
961
823
1050
96
170
945
1185
204
1156
910
462
1141
1136
697
689
741
934
796
1151
1140
17
1155
73
1142
383
1217
419
431
1215
1220
37
624
688
1263
1021
921
650
155
927
1107
846
835
806
9
1189
1222
149
147
481
1219
55
1100
991
367
67
366
1108
1146
400
111
647
1230
42
306
1100
89
1049
3
197
302
1200
1170
1208
927
121
931
1162
340
669
1185
440
995
633
318
331
90
1014
1220
1121
1192
1015
846
275
1269
1175
569
814
1237
234
70
1124
1019
1196
1074
1222
503
1033
1156
1116
1024
322
1096
742
620
143
768
525
1003
1165
658
1156
945
363
409
1206
597
1019
1275
1242
1251
238
1218
476
742
1193
64
685
690
257
1072
1232
399
1229
147
1230
778
1246
1269
32
138
1143
162
1098
88
398
1217
870
371
1136
697
150
1237
284
891
1217
1148
863
1172
1229
1220
700
856
1158
787
1180
1168
354
783
1151
1163
230
839
479
1172
1064
682
41
1239
1220
700
87
1203
628
39
1217
1215
699
689
174
691
761
1214
353
1012
294
989
24
478
1080
1210
1205
1240
584
465
374
1219
297
1207
1136
498
1008
1231
1219
1243
764
648
1223
540
553
1203
1035
1053
1190
472
1063
877
1234
1115
934
1123
925
1209
762
1264
1177
337
1238
829
1229
1072
913
1188
918
699
1246
751
1054
904
1207
771
1026
1270
1186
1182
409
507
1019
1176
65
1188
1249
1063
1010
634
970
1034
1254
498
1208
1257
321
1190
548
612
1071
1248
697
1111
522
1199
614
275
226
924
1260
1150
1238
757
964
221
774
872
1186
599
803
1109
1200
1243
1249
1045
1214
870
1217
601
837
886
1020
78
1175
364
652
1243
1207
1100
626
937
73
198
933
934
1006
942
478
428
861
943
943
1169
1052
972
800
577
842
1197
1074
984
1242
895
1225
1171
563
1216
724
1228
1239
929
1013
1241
1140
803
1211
872
1199
1032
1250
354
1182
905
976
833
808
731
312
1112
1129
308
1175
438
906
1198
1263
579
1211
1164
1154
1033
1027
702
1188
1165
751
1192
451
346
554
46
534
775
34
454
46
554
1061
322
652
601
152
1232
1270
921
1187
1074
925
1115
1027
1211
1230
1244
762
46
983
121
740
1210
1225
471
227
338
484
43
612
493
337
1184
1218
286
1129
510
880
304
1111
306
1159
1095
1093
1113
1103
751
1200
966
224
919
824
1024
785
1237
1188
488
1128
1166
1233
1181
1223
598
672
1274
346
710
1184
850
688
962
341
1123
51
555
1096
1162
1244
1221
1270
1109
1256
338
857
1056
879
1188
1105
860
1120
444
118
1211
1127
950
594
663
1142
1245
954
846
480
1237
1159
1118
1171
805
1223
1236
1242
1057
1228
75
1244
698
1010
367
99
418
778
1213
281
1060
1122
1189
1179
1165
1246
509
742
1067
759
626
1196
279
183
1206
1178
1188
1200
1183
56
1229
1117
883
1051
7
1162
1196
973
81
1212
967
1018
949
1122
14
212
542
594
1223
1229
1054
1071
1174
1242
1186
512
1251
889
601
164
766
313
842
974
79
745
349
347
556
1149
422
1143
1084
577
489
1166
116
1164
1249
1100
1137
589
1067
1251
517
780
277
167
1190
958
1213
877
812
774
1117
1167
1207
729
773
383
1190
1094
330
696
1273
783
149
183
1240
496
1249
1161
521
537
1230
1203
225
949
337
381
926
646
1154
1003
1175
1266
1078
1120
1108
672
1010
831
928
186
62
1275
1226
976
584
1180
969
895
1023
1213
509
660
343
1206
623
224
1214
1112
199
906
1106
1159
1263
878
998
938
1223
994
1191
1138
515
519
1242
1210
949
107
1120
876
1188
1148
1181
1068
1055
1211
305
964
1255
42
970
984
190
1176
1238
951
455
517
1246
1030
1188
1244
1255
1252
551
1189
6
1249
1254
1076
1062
318
539
828
328
488
688
1152
1247
734
1199
1120
1145
987
1163
1105
1
547
1215
1053
219
1210
986
1141
751
1155
1222
1236
546
804
1112
471
1246
1052
304
279
626
526
364
195
940
157
950
888
1168
487
319
1036
1248
1096
316
841
890
1263
1152
1260
992
961
1097
1164
458
58
1161
1151
786
1241
496
951
729
1197
1160
936
974
954
1049
975
1185
308
1235
206
1063
363
1211
1258
1168
374
843
210
247
645
829
1123
1215
1260
1178
45
568
912
893
794
573
556
1188
1083
634
1236
1026
1221
1261
1095
1208
1190
634
1246
221
390
1175
1135
558
1033
1144
420
1133
1158
1090
1156
1240
1183
326
102
30
728
1072
954
521
51
716
354
1160
130
238
84
518
410
624
1009
1114
1035
1137
216
156
462
197
1186
1241
865
1141
1208
1145
1071
603
547
1082
876
886
1184
774
1063
364
1217
626
113
227
1109
995
1176
1130
802
11
1125
1240
800
398
1253
1086
1131
999
1243
1115
1229
1203
152
796
1113
725
833
337
796
1179
637
792
93
543
1240
999
1052
205
620
972
585
789
349
1007
1115
1077
835
980
978
1051
831
1149
1168
881
655
1242
218
586
1270
860
327
1253
1214
246
541
1259
1056
815
1242
821
460
402
1249
1234
933
442
248
982
1067
1272
1223
969
458
960
1199
990
1235
740
1015
879
1004
934
831
723
610
761
1156
764
607
1204
1108
643
992
1007
1245
398
1027
928
1236
1215
671
1052
684
618
1209
630
410
1163
730
1272
1189
272
799
1216
1165
386
737
1213
72
387
982
1176
664
1045
1023
202
844
1104
1067
95
1229
925
1006
1203
71
1249
1201
1053
652
117
577
1152
918
1022
1156
1229
1247
1158
1154
1202
1221
1227
1143
1179
674
1223
1141
860
382
682
1060
985
1049
1049
1004
1135
299
1168
114
1144
596
332
943
246
397
1195
1257
241
983
302
1186
1069
1211
535
1247
714
131
1231
1156
421
1224
1101
428
312
146
1155
1113
875
1117
1205
1236
1149
708
887
497
1150
262
1098
1095
1079
1239
1180
819
611
1226
313
1178
991
1262
1241
572
817
542
1182
1218
499
1007
1218
94
390
841
914
1116
735
717
1180
1173
294
1124
408
1251
766
600
1183
1174
998
1188
889
942
411
1081
1127
583
662
1161
909
692
312
821
1230
242
340
1179
667
1118
99
588
914
452
1204
489
1238
1057
1203
1205
1124
1046
1181
665
948
598
393
1263
1255
176
898
587
75
1009
694
1167
285
757
200
290
320
1159
518
778
421
1233
816
1032
1147
581
843
985
1244
1126
1248
432
1182
1113
1181
995
758
254
1216
1152
1166
998
169
858
1244
390
740
1266
288
1190
373
719
835
923
1196
899
919
1157
362
1049
1053
1227
680
1093
994
1007
680
688
1151
1045
920
337
1175
1247
342
1225
750
803
1078
464
920
1235
1100
712
498
188
1221
1016
1267
900
490
1169
130
823
1228
559
487
1247
1170
1263
1082
293
1136
1191
1209
1140
14
1125
609
748
1061
1258
1230
1272
1235
143
122
184
1230
285
266
1044
1245
1102
1193
1245
924
1008
1062
34
724
719
816
883
443
103
620
300
889
189
306
936
381
1226
429
484
470
227
1078
491
956
1208
1117
457
547
1169
224
1136
719
1212
1170
971
1211
730
735
334
1110
1213
1138
334
587
987
1214
1190
1214
1133
1251
303
1093
896
869
1252
139
1156
1199
154
476
897
630
715
1065
1207
225
1188
315
869
170
693
899
1098
1237
458
949
1170
1205
1270
1078
1086
935
864
945
1264
814
107
178
1129
649
1228
597
1006
342
874
1119
1175
404
166
33
752
960
1113
490
1223
580
59
1239
1088
854
905
208
1140
868
136
1145
1083
68
1063
1018
298
886
390
351
1173
940
1146
828
1211
860
971
789
1271
821
1230
995
454
699
1263
859
986
1232
1242
392
1141
905
348
1035
88
1010
394
596
1133
218
1175
732
593
1142
458
1177
472
1212
1239
766
1100
1204
1103
1189
757
946
1252
861
264
1145
189
1040
998
127
470
1227
291
1247
779
662
301
204
729
595
157
889
745
1119
673
259
781
1045
124
378
1097
766
1237
845
1233
707
1235
922
622
1241
889
1164
1147
1139
684
1215
1169
1093
602
719
1100
1234
82
1237
129
1226
1201
1171
886
797
813
421
836
1104
8
1227
115
471
695
587
1235
1121
1171
1183
584
191
1162
588
1101
1240
790
1190
1067
215
607
966
899
133
829
1234
1030
1236
1160
1256
571
1243
191
326
959
1207
260
513
347
1227
375
1138
1221
1139
1055
105
1234
787
1244
908
951
1021
1074
699
902
840
1219
671
1186
770
6
443
1040
1166
801
924
1049
517
1160
1218
957
987
1204
1246
576
826
432
629
1021
1102
1167
255
1197
730
1206
99
1196
1051
1204
11
597
608
385
1025
899
605
977
1025
1013
985
636
1085
989
1067
1201
96
689
1214
1023
108
1203
1217
1172
1205
1164
787
384
549
1259
547
820
1181
1214
672
1033
1263
1073
1208
512
917
618
1178
869
1076
705
1232
1168
1122
1219
82
217
1221
1138
596
804
887
1240
1139
291
1061
1235
49
1253
1012
1032
1205
1109
830
1232
155
1230
47
193
789
1070
1088
633
409
921
852
1242
198
451
145
898
218
79
1092
1064
1174
1214
1239
553
1249
718
1206
1127
610
755
1187
155
698
1201
383
1220
452
1073
1232
1261
949
655
1225
596
1263
20
1230
290
76
1039
951
1063
783
1093
73
1258
799
562
1262
1206
777
1197
1253
192
1064
317
1229
1160
836
496
1158
1229
199
923
1115
1084
26
1234
1258
1174
286
712
708
1223
1241
540
1251
428
586
47
996
665
1150
218
910
1175
1182
279
709
698
1251
1083
423
760
1222
1018
1215
1250
405
1092
1217
1235
1187
1201
517
161
667
869
406
226
404
1155
1016
316
355
1071
195
243
325
1107
1109
1152
1204
1084
867
432
1140
532
847
178
825
673
824
1195
212
565
959
916
541
715
1085
1154
663
761
1105
579
756
1138
1118
1204
1276
1164
46
920
1234
933
359
1234
1002
837
1225
881
1248
824
715
940
689
757
1245
1092
1245
138
782
270
1020
534
906
1214
1199
1148
642
1195
370
316
134
1176
649
1106
1045
666
481
360
1198
1264
972
697
501
915
1242
475
1170
1164
765
281
374
880
229
36
1151
823
1220
178
1027
843
900
1261
347
1163
818
714
246
1167
1045
1125
1240
319
1038
800
930
1194
718
824
991
1107
644
664
444
713
1248
509
87
749
966
924
1187
1246
1051
987
1068
1203
1260
1157
1094
496
1206
84
1264
530
1112
929
308
894
604
1138
178
1216
1022
649
1149
793
1189
733
1189
616
989
1194
939
938
434
1163
652
1239
1139
225
930
1107
1250
262
980
809
1266
1259
1196
436
170
661
906
1225
1262
1242
1043
345
499
1213
1209
1234
534
366
966
617
122
146
1120
845
898
1161
1219
120
1208
901
390
1104
467
1164
1228
543
1224
144
1214
498
1196
619
513
219
1202
1159
166
767
1174
1146
808
1002
731
947
1062
1195
1117
1121
1090
286
138
659
928
1132
91
158
631
465
1033
1146
551
1228
408
947
247
1257
583
1079
755
939
601
1224
535
1230
1232
1257
1031
155
1121
80
317
1244
709
681
734
947
685
422
380
1093
747
764
883
1191
767
441
1242
18
1208
1049
853
1230
127
354
1160
751
1241
870
507
1029
1018
1035
785
1133
827
1219
1263
653
1254
1221
828
1073
923
567
1003
1214
1263
1133
839
589
751
1122
1239
185
653
1265
895
181
1210
938
601
32
652
1095
383
118
581
579
1088
539
989
1088
1131
1227
490
255
390
1209
403
773
208
430
490
902
740
1169
1211
1247
435
184
242
104
413
1175
1168
880
980
1161
330
187
1170
591
7
1227
21
910
818
797
926
916
1213
665
383
1223
1205
1156
1085
966
172
1196
320
123
1094
1247
561
412
1140
767
1025
322
441
659
1239
935
1048
372
1266
1104
1259
684
1135
774
819
57
1095
675
1126
561
878
506
781
1087
1152
297
154
1113
1131
1027
1075
928
93
1086
1044
675
51
330
302
1253
666
294
89
1178
386
557
437
1235
1180
621
895
1233
1026
817
847
676
776
867
187
259
778
1008
409
632
1028
500
1173
712
375
1241
982
85
1257
543
1109
540
993
589
1109
436
1231
486
896
1183
802
934
377
1014
1099
636
1136
637
69
1204
1210
3
589
1151
573
458
467
1202
905
202
807
196
1171
1187
1210
1233
1004
1191
181
418
719
949
422
912
800
1079
475
1123
1082
678
1197
306
35
1097
1001
1225
1199
1138
1105
955
35
1253
1243
848
773
1081
1203
247
1053
875
136
917
808
1034
276
655
929
378
864
1154
911
1189
400
1217
908
1162
1118
1032
934
1232
813
666
1220
808
1231
109
1211
901
1220
1226
1169
1224
654
1230
1020
464
302
531
552
1128
1026
603
1206
222
539
1241
1001
340
1263
1190
817
1236
667
262
1086
1181
991
52
1169
1263
208
1154
1002
149
1104
891
745
696
1214
1057
1258
896
697
1193
1246
181
702
641
1086
626
62
1207
633
962
1228
1174
1185
827
1178
1205
921
727
982
1094
530
392
148
437
1238
1039
1101
828
1173
266
1014
1252
776
767
726
1153
958
400
1195
225
1044
475
365
721
929
1070
907
876
871
957
1243
588
774
289
406
807
272
328
254
979
229
283
298
649
265
796
1105
876
972
963
969
965
1127
432
1258
565
1238
460
269
281
921
1088
1215
336
1219
993
1041
343
179
1050
1222
841
178
167
813
735
1099
1275
1184
1224
230
519
788
955
27
538
771
688
177
317
1231
174
603
885
1131
1189
1233
654
372
1179
1184
931
294
1108
1140
706
888
93
927
1048
712
1246
1154
132
508
189
174
484
519
732
1160
249
118
398
1251
1222
41
1063
988
1249
504
447
637
613
1130
202
1089
722
254
1039
1112
1210
1239
644
1200
211
1155
873
358
1169
987
792
365
502
102
474
377
1232
1133
1232
1233
517
878
1221
379
1199
475
1233
212
593
1156
1222
892
1157
793
883
487
1056
1203
902
1242
1201
311
696
124
492
758
28
990
1217
120
1141
705
1122
694
964
445
1012
1183
1103
154
599
15
597
1019
847
481
167
1219
1182
1224
1141
441
1148
1246
1109
805
1064
1222
106
837
1271
865
1066
1066
1227
756
1017
1232
947
1020
916
676
601
1212
887
1247
1178
863
1171
121
942
1094
1199
1109
301
8
414
1188
332
1217
666
996
1221
1207
1258
1209
1243
1052
1219
1196
1224
275
1265
590
1053
165
126
499
553
275
304
1162
1140
1235
352
614
1199
1215
1138
174
1147
876
985
275
549
1231
1185
1177
1244
1018
685
947
436
752
318
926
1118
1049
666
662
1240
1246
1221
460
1006
847
751
614
1194
1072
1091
255
829
1138
1176
1224
1065
595
849
1105
436
214
241
438
582
993
481
1188
1193
1080
1126
929
149
1087
927
894
1151
569
781
1266
878
400
686
727
1096
148
1229
1112
1158
1191
1196
507
1216
189
554
1083
512
1040
1018
846
1159
1196
1060
1144
1215
1247
648
885
55
675
862
1265
372
117
1049
1129
1220
1209
1175
1194
1001
741
1237
694
63
1264
935
1234
1074
228
763
1236
1207
21
1194
180
1076
1155
1140
1208
14
552
1120
571
8
1105
857
858
1078
1103
981
23
1210
1138
30
991
1186
279
584
1208
233
1260
847
1044
1257
1213
1220
1211
1213
1124
1149
1188
1056
1113
851
1178
1207
1218
146
1023
421
484
868
1036
1105
704
1160
735
1196
977
1237
480
1157
786
917
1038
1233
559
386
129
632
4
1141
227
1244
588
921
527
461
1196
1230
797
1135
1141
715
1002
1233
1208
473
662
1151
447
1219
1215
277
1247
1175
1004
78
649
929
1216
1106
246
989
1247
1219
1185
1224
588
516
649
1075
652
398
823
458
1234
269
820
1134
1206
1139
1039
731
1110
972
884
1147
1105
354
336
722
688
879
1187
297
991
654
1199
329
307
723
594
695
1260
1236
918
318
956
1230
841
1154
1210
1098
826
898
1101
1232
1201
1102
1064
181
1045
765
78
1127
1081
1025
1013
61
1110
292
1094
266
937
1149
269
1108
993
915
1156
928
306
1237
611
1121
1144
1209
677
496
1202
1035
1218
1258
981
1081
1233
1250
375
1061
781
844
465
1240
724
1173
673
984
1192
917
1224
935
746
1210
1129
1170
174
470
1211
407
1159
1214
1234
1028
636
892
256
123
1222
1228
601
993
961
1054
1253
1044
941
1186
1179
897
137
849
731
1220
1091
1275
761
677
469
551
1080
1167
1191
978
299
1137
1240
1164
1098
845
95
1091
58
531
1200
952
368
502
712
1045
716
585
235
670
1189
874
171
104
508
7
345
1140
601
155
263
1229
162
1232
427
1232
437
1152
175
1128
822
1168
759
572
629
1268
1243
602
1137
1119
63
1024
1222
884
1224
342
1066
1041
396
837
1064
1197
1257
294
1212
872
346
1161
650
532
52
1190
1204
1212
1232
1087
758
961
1210
212
180
1251
1118
1072
1034
771
211
246
1225
524
312
1136
718
1173
1216
566
1261
189
1219
990
1044
1214
800
243
1186
782
1083
1175
1268
53
1184
1071
330
935
1112
1153
1034
1103
1189
110
1231
401
846
195
938
1219
899
723
1151
922
1187
876
1165
898
1162
903
1153
701
1135
1039
406
181
1177
1220
744
641
1197
122
1207
369
779
1268
1231
886
1194
519
893
1196
1198
739
17
1038
1173
240
995
557
1186
576
786
389
341
935
1168
313
157
843
898
18
1198
1208
999
678
1161
947
161
420
505
356
590
382
447
1167
1188
987
398
285
615
109
1086
272
981
1128
1179
1240
617
23
150
347
776
36
90
1158
1087
1130
1256
862
1018
878
1229
1075
1206
39
1026
1239
1238
1095
1201
695
638
954
635
1107
278
911
192
782
1178
1162
943
332
652
626
552
227
84
1222
1249
86
212
773
1238
98
1255
522
1201
1210
739
1246
85
1210
387
905
996
1223
312
550
23
287
1150
1241
126
672
915
637
538
65
812
1190
1215
846
1131
909
300
1175
880
489
1117
784
1074
519
1035
204
1163
188
674
1123
1109
174
891
814
903
1192
953
632
612
793
422
1098
961
74
647
950
645
1053
486
92
1024
565
15
853
25
544
593
1185
462
590
33
299
893
1136
376
95
635
418
1246
1251
1210
371
999
1046
840
1234
726
1190
771
566
1155
1154
794
253
1145
389
412
1233
465
893
1219
568
847
1252
476
570
34
1240
1221
320
753
1219
994
803
609
1253
1195
883
378
1257
1086
1231
845
663
1057
1134
798
56
1005
267
997
370
1176
193
584
4
354
785
1247
1043
293
1022
1198
1086
653
1104
1147
1249
393
800
1182
462
1085
334
1072
824
1243
332
1057
390
1099
143
1137
1192
1225
1106
91
1211
610
1213
178
922
815
1245
787
685
685
1005
935
1216
265
382
196
853
1069
1112
334
621
859
928
363
537
1134
1035
1218
1119
1041
942
203
57
683
1062
554
605
569
1204
754
996
1062
1206
1145
1160
1224
863
1232
1174
1259
1202
411
957
1179
1196
836
40
1134
664
559
174
929
1186
399
951
1222
93
1143
323
1221
1184
1180
391
1078
875
1149
1241
1199
1189
814
278
1233
1222
1204
734
1175
733
1248
188
970
23
1176
578
411
953
1269
948
1243
1230
350
833
1117
1111
1190
1219
312
793
855
1219
1197
560
803
771
922
258
725
1126
1058
326
976
124
979
1227
789
586
797
894
194
1220
921
1208
1228
687
1131
1042
1229
408
1053
702
749
1201
460
1271
1228
1193
877
1219
1210
1220
150
1213
1099
1124
1036
940
893
1198
560
623
261
1197
1226
1205
1147
1200
1130
742
840
1237
1157
1229
918
751
696
1180
950
354
1159
732
532
524
749
384
1214
541
1178
1153
487
249
1226
746
851
180
1039
430
403
28
574
1211
931
682
350
342
1188
1252
1174
937
1077
341
777
99
1242
675
579
516
39
1177
957
387
1132
978
1200
766
1252
1196
374
1212
1231
894
166
1247
1232
1194
351
1246
533
1218
636
933
626
571
1146
27
60
213
714
382
311
793
252
1214
1099
1055
18
312
346
907
1231
1052
866
955
1139
1140
399
966
960
1110
1006
1224
644
1101
196
710
296
1149
696
606
471
1189
1106
163
1270
44
712
1124
1212
444
1000
574
307
628
1075
567
827
338
1076
203
668
397
600
872
1015
1194
1089
49
7
720
1184
1070
90
1259
993
1180
88
1163
1184
303
1022
545
686
889
1239
996
1214
1261
898
623
1270
469
1118
836
1265
608
981
922
200
726
284
68
361
1136
450
1125
990
1259
814
590
1046
297
319
43
998
1180
1210
394
1105
491
1189
1254
324
966
96
109
1177
73
352
883
190
321
1208
585
821
1166
1239
1192
770
836
719
873
728
840
1132
759
543
1151
1219
1263
973
949
859
1132
423
116
1247
186
470
636
336
861
1235
608
1069
823
441
477
1250
410
383
1225
981
884
1208
586
608
885
72
72
1186
1222
478
701
1186
24
796
596
1066
371
599
1095
1221
1154
1225
1243
182
812
1231
666
1097
116
753
1183
1220
879
748
792
1189
870
1168
627
98
566
1206
267
889
1189
742
182
1269
580
1204
747
937
367
269
225
907
634
919
1168
391
552
1139
993
1076
675
995
682
1032
804
258
298
1055
765
969
1244
486
767
816
929
950
438
941
425
1136
1231
1094
1058
1244
964
1210
1253
1233
919
365
1070
1200
1210
1214
964
1216
982
1275
279
1195
230
181
621
256
937
185
190
1150
1228
1176
1251
1030
1211
1154
411
832
1085
249
1204
1107
1120
1130
838
137
91
792
872
1128
143
1206
1007
629
1078
1255
1246
297
1166
377
1104
1218
353
927
993
1234
370
1143
1107
1204
182
1200
139
269
234
1048
724
143
542
1256
176
1007
1110
1118
233
815
1239
462
1225
802
1166
883
975
636
945
78
1219
813
406
565
148
1179
89
662
955
1079
1179
1170
687
1026
868
1133
1188
406
852
1119
266
1161
21
1208
1207
1211
890
1105
566
1167
1173
653
999
1163
1207
894
1155
918
955
1234
532
987
304
1200
14
495
1250
1082
809
938
1175
1119
1110
633
386
143
993
1188
230
670
1104
841
1101
676
579
1210
935
470
966
975
1244
1245
223
1256
943
1187
1233
827
669
1091
795
1152
1150
1038
744
937
1213
1063
740
806
1173
454
28
1043
846
1016
836
1212
773
1201
780
479
881
265
93
274
754
127
363
737
1270
1210
925
1228
1109
1052
1065
1092
1227
981
166
1211
701
543
965
1183
1233
832
375
330
1185
596
1218
1217
1255
282
1247
1239
1005
1111
1035
1228
560
1230
902
839
78
891
722
596
1167
58
807
282
1074
763
1006
1246
973
1136
1200
270
754
253
1223
876
341
1214
1258
682
446
959
1213
929
687
595
1230
444
1195
1054
1230
1134
20
566
1229
932
1232
604
352
446
1221
1024
731
1207
1145
1135
1173
63
827
836
621
1217
312
1245
1216
308
1187
1219
1232
782
784
1228
1228
1028
670
145
502
981
937
1081
1195
1122
195
973
1249
931
296
56
1220
649
106
1260
774
987
171
691
420
686
759
1095
1149
1219
1161
742
1205
302
1236
626
1225
1192
194
1270
1181
496
1252
164
1259
140
182
777
1107
1253
765
1048
316
1202
642
13
784
1213
861
124
367
486
1060
1149
352
1199
574
802
1248
873
319
1002
1024
249
1125
350
15
1149
1131
587
1229
1175
942
175
1194
862
1190
1043
823
1241
857
450
1092
969
757
1263
250
1206
1099
1094
1213
119
1207
1224
1099
1139
833
332
757
706
1205
810
1033
1200
533
637
636
1171
552
921
352
628
1101
1090
698
29
1181
79
1157
1224
1252
1125
1169
556
1129
290
1037
533
582
693
779
1237
1150
1144
1116
746
10
766
1209
780
1079
30
601
1131
204
1243
605
50
833
167
479
1142
932
1231
1256
1034
1097
1200
1008
1119
1224
1227
1188
1163
996
1247
1182
1249
1148
787
1237
1271
621
1025
599
933
1005
386
889
914
1029
445
1224
1265
522
1083
879
578
1258
1202
941
314
741
319
31
14
1162
939
975
1073
716
1142
1235
150
1094
529
1145
1242
1207
390
1104
1209
1136
200
999
1227
1127
1008
987
999
1151
1182
272
1241
492
940
1172
886
449
375
1042
561
1243
1040
1205
646
1148
883
787
1219
353
415
901
961
297
570
831
579
331
1170
1191
1042
1230
1093
952
312
436
967
174
276
912
284
1022
1250
1221
1267
680
426
939
1241
134
872
1071
1085
1090
1015
1235
49
1046
1077
1192
232
816
1209
1045
1236
1024
1223
1027
1218
872
585
793
1236
418
747
471
1100
85
1252
723
265
479
582
868
47
1224
1085
1042
1054
1151
637
1206
1077
1244
914
1046
893
1170
1253
1144
1240
500
723
882
