101
37
703
186
1067
1017
515
1075
1038
683
313
1188
1229
198
963
319
1222
265
512
670
1018
1140
1089
423
1232
1088
528
817
1033
110
21
229
1146
666
963
1254
1259
647
106
1142
1243
432
1197
1252
799
718
594
1220
484
87
1036
1155
961
139
537
868
1054
662
1119
593
2
1012
412
276
330
1264
1184
986
1199
1056
905
501
1254
197
621
37
823
453
907
1066
88
1250
645
1011
1196
186
1058
1198
983
199
1241
1034
1081
592
488
420
1038
391
1051
1105
1002
1125
1112
1251
819
1230
814
620
1279
1122
1193
128
819
1241
751
1024
1178
999
1147
1111
114
1245
553
493
446
1252
1083
1177
859
557
434
1022
1095
437
819
78
1015
916
1180
430
891
1169
131
69
1119
264
1088
1058
341
203
869
1209
775
541
494
793
1040
708
73
465
1207
19
1060
1107
1199
1225
1215
1091
551
1163
993
989
735
677
1032
1254
1210
530
308
1157
878
312
614
691
794
1038
1036
1149
371
1194
415
1082
88
1268
310
556
1006
1231
1052
7
717
463
1203
883
1249
1082
773
880
841
1090
1243
1257
785
1227
1189
743
594
1245
1170
529
57
814
1194
674
629
696
870
409
865
634
401
1212
407
1287
769
1068
1241
1193
1006
1211
1167
346
1024
872
425
1224
750
580
847
387
1221
204
123
755
563
29
1106
140
1089
829
58
1236
1079
1100
595
417
1273
1204
1255
368
211
1001
1109
1250
243
1186
794
1197
762
603
1218
701
130
749
978
1164
1231
1072
1243
335
733
482
876
1097
866
253
987
1243
331
591
433
90
1202
453
1225
536
1161
1257
642
1176
487
1281
213
1186
1132
871
782
610
1211
566
1112
1081
214
1059
1112
438
1043
929
1271
1249
117
305
1118
1279
37
1006
1191
1226
963
1225
1229
219
1218
1199
414
684
1118
1127
1062
853
406
291
766
333
1046
337
1229
1066
1211
1053
1210
1125
894
192
405
293
1189
764
1176
1021
531
359
856
1177
800
900
651
344
735
578
369
999
26
420
815
310
1246
44
1257
1255
401
1039
32
296
1145
1219
823
1175
1253
1217
806
297
1006
340
121
40
1124
1230
1171
1099
228
1204
496
1108
1097
627
1075
1232
1223
781
1250
450
268
1187
1098
744
665
954
87
1216
566
1221
1209
1144
1146
1236
1204
1164
1209
641
1245
1150
1224
590
8
1212
1060
1071
1108
732
1016
1190
881
760
1156
490
952
519
1264
700
82
1201
1247
1237
1066
1217
564
1240
1227
1265
1230
997
1024
34
203
918
1051
412
312
1242
1124
748
273
814
642
172
784
1213
822
937
1278
1174
1252
1106
1223
1182
745
1223
1064
137
1045
441
1026
383
824
259
1227
628
962
383
739
856
685
1221
490
1183
1056
790
1199
1225
825
617
1164
142
1188
1210
933
627
163
1239
996
1255
549
996
1198
1265
136
927
1129
1057
947
1038
121
1209
921
1193
1198
226
1203
1106
514
341
90
120
679
1187
290
1261
1267
13
1226
341
1124
1187
1162
1244
1218
124
1077
141
463
1132
646
1099
404
346
90
407
614
1079
813
969
66
1081
439
283
705
363
1076
689
36
637
290
1280
754
1252
1225
468
1153
899
681
1242
586
732
326
1209
387
264
931
1127
949
204
460
74
1052
368
49
747
974
1183
989
759
874
623
234
974
700
1236
559
1053
892
950
1105
1119
1258
1124
1194
1248
393
985
908
1126
818
971
210
411
1232
1212
1207
1190
1212
1244
1231
870
896
1242
1241
1130
1070
288
661
1177
30
1008
159
477
1229
1151
1245
134
8
941
179
1251
326
1095
1120
1224
1147
505
765
1265
912
991
688
885
1051
320
834
617
1236
909
1121
713
1009
1214
105
1244
618
1267
1230
1247
1028
518
1007
874
71
3
547
1143
1267
737
58
282
1030
938
982
1212
1165
1208
1082
1176
1257
830
426
952
1201
498
1011
564
116
812
294
198
1190
1265
1119
1161
1086
1126
891
1126
765
271
1201
155
399
1208
982
591
1231
879
622
1100
325
742
539
383
415
598
447
157
1136
1212
49
1135
1215
1217
327
1168
419
910
1226
596
232
212
1018
1187
758
819
1260
706
519
1192
1181
919
1214
733
1195
465
1109
1169
1013
956
657
664
1099
87
1104
135
194
859
1067
412
1017
1219
442
1207
691
887
1080
1261
59
979
1233
1106
372
1166
1094
1249
994
859
583
952
1233
1244
5
967
181
1180
817
1095
194
377
270
349
47
158
959
608
876
809
214
1214
1284
1157
1218
920
287
946
1230
1212
858
1084
1190
474
1020
1127
1047
87
780
436
818
1194
925
1076
1287
904
419
585
85
417
1111
117
141
579
1274
1251
515
720
1092
1171
1221
902
769
1257
1081
1255
1229
1122
1090
299
154
138
559
445
1073
1191
997
521
888
1159
696
695
568
176
667
1178
837
930
1090
1215
1218
1107
540
1226
261
1207
947
1196
869
1100
882
1282
836
1147
1152
1033
700
1096
1122
1228
513
771
640
435
1238
1140
1106
740
23
1160
1234
505
291
441
904
1046
325
921
221
502
166
713
383
1087
879
458
1038
1207
844
737
86
453
301
177
1032
722
799
1260
1045
413
286
1168
1177
726
1234
174
280
15
1212
1159
832
96
1203
1224
613
995
385
62
95
1146
544
995
548
505
397
575
156
663
386
1255
505
285
803
506
17
1246
614
1244
1245
962
1101
1071
1232
1260
1082
1205
203
1199
936
739
953
589
448
1240
842
143
541
204
662
1152
854
1203
224
450
802
1052
617
1251
753
1245
898
1186
43
1182
645
143
1242
84
693
298
871
106
521
1068
946
1159
737
1228
1073
671
1195
419
1015
719
468
355
1097
1088
1099
1256
663
1198
1215
112
1143
1156
1157
375
658
814
1269
1181
792
1234
1053
150
1224
1214
1169
1175
1215
813
6
780
1124
194
448
1015
1153
554
527
995
204
1236
1130
1103
370
523
326
493
1213
1177
857
37
132
1213
1252
1229
1185
940
9
764
523
858
90
900
908
256
1207
532
1219
1119
579
956
424
1281
365
1221
407
137
1147
775
771
708
905
120
1121
1243
463
1202
893
22
60
955
893
1091
981
1205
1250
1038
913
1127
1124
1180
1257
1229
995
965
1120
611
1136
1255
1186
1160
1284
1128
1201
1258
927
1150
45
902
937
1253
614
1206
7
955
1165
1007
688
1273
1019
1183
414
1210
1250
836
525
1264
1041
8
1154
1231
540
1103
1008
837
270
167
804
410
752
1212
543
1053
796
1031
20
1206
945
558
986
965
1215
753
716
1247
1134
1112
1108
1152
1258
1051
1226
907
845
1116
1243
1202
198
799
948
1199
1072
1194
469
925
1187
488
393
1224
1028
912
1149
1302
1200
332
1138
1181
277
1256
1108
1199
1164
1149
1046
1176
1159
214
242
533
1278
599
131
1111
1145
1258
1164
5
974
584
1161
1019
992
1195
1066
1264
1224
14
1192
532
1003
609
349
759
1033
1086
431
432
1235
919
1107
1178
939
1054
1268
353
723
1153
124
1226
588
730
1036
810
1126
838
1218
380
725
1267
879
1277
1086
484
1218
454
1175
299
708
703
1130
1179
1214
748
1237
633
560
861
1249
1264
860
767
778
1166
1259
1194
627
1236
898
255
155
277
1164
574
1212
907
928
122
1176
984
29
1231
70
1234
5
1074
1085
622
1251
941
1205
1175
966
1201
1232
1202
990
368
877
290
838
1119
757
866
93
234
1177
195
1214
1234
1044
446
904
1041
1150
1175
1140
694
550
175
802
1279
626
237
488
890
860
1085
173
967
941
542
819
1023
287
1146
1171
868
981
1175
1231
160
1070
1159
1173
1250
923
272
970
613
858
1234
1259
1050
996
692
499
1165
1224
1271
630
1170
1164
340
470
405
938
467
1226
960
1090
901
1208
893
1074
452
757
1240
374
595
204
1052
1245
1258
1251
178
1178
857
1129
13
618
1188
327
314
1233
1249
581
977
1201
1049
1126
1229
610
1010
236
1137
644
111
1265
361
193
1097
340
853
945
1108
903
1210
198
1125
1240
652
1129
999
104
1210
1078
701
391
836
1225
621
1083
673
632
679
1014
536
1005
1092
1177
655
183
451
1059
1191
1232
1223
918
1166
641
1192
1236
16
1243
1088
334
513
915
1071
159
1205
1229
628
1057
839
580
740
62
762
1239
891
1080
457
160
772
1047
815
751
289
562
1259
1254
141
603
331
8
861
1260
767
1218
1233
692
1128
594
1271
529
108
1004
1246
967
1209
951
565
1256
494
944
589
1267
569
787
1232
953
535
705
1091
673
856
970
440
1000
945
674
1143
205
478
1140
24
1174
433
1113
1164
1255
1140
863
794
1226
1242
919
153
872
660
964
1108
1199
1268
1237
284
304
378
1190
1226
938
1218
446
1232
989
1163
1253
639
1217
1093
463
584
157
85
565
933
450
40
860
1138
92
329
1184
398
1201
302
1192
975
1243
953
1249
219
215
562
1122
81
986
85
1130
1049
743
171
1095
775
1011
1240
874
1137
1221
857
531
1227
423
576
712
1248
192
1192
1214
1201
1138
813
118
1222
977
1203
992
1268
1232
690
1149
975
1138
762
976
1227
1257
555
992
913
1144
1094
664
269
748
551
447
1039
1241
1249
811
802
743
1097
1194
1223
1216
894
701
232
1113
1091
685
492
1028
1204
274
1148
990
89
1073
64
158
1205
1063
1190
28
401
748
336
769
10
1007
1101
1041
914
735
545
1158
376
1195
1159
926
1193
522
514
1177
717
1088
592
163
1260
1214
773
1243
245
830
1235
1114
310
1110
181
1210
765
536
319
465
1040
1122
101
1090
1070
248
441
295
177
832
1136
305
215
350
956
840
1235
440
1155
1238
721
438
507
743
1253
90
219
1246
774
1214
901
922
1181
451
653
589
1043
1173
783
25
692
114
912
1252
1242
396
356
521
768
1235
973
602
1173
1188
591
28
946
730
433
819
1241
314
1210
1146
854
1020
429
288
228
94
953
836
726
553
234
1135
660
848
821
972
1259
980
708
1194
810
622
1093
1222
1032
6
1118
775
1207
1016
1111
1166
1048
899
258
310
145
1143
417
576
1238
1211
1208
1246
1250
1133
941
930
505
486
544
679
1020
31
1260
386
1061
387
1209
1201
1253
786
1209
1170
216
1153
309
3
1228
1220
1193
1209
609
438
808
852
1257
598
539
644
495
104
920
1138
1262
611
1175
98
582
606
1248
115
1119
1134
763
1227
193
541
1251
751
726
433
1076
1221
255
1226
558
40
804
1218
762
3
287
1121
1250
1072
180
544
646
627
318
869
807
1053
884
895
420
1095
1030
1058
1253
688
170
910
924
1233
1172
866
808
655
944
161
810
1224
435
1228
454
979
524
170
1252
43
876
1229
880
95
1175
1097
1154
886
123
959
787
1249
257
1191
760
1237
1199
680
112
853
226
1000
1077
29
1280
1118
1214
1241
914
1064
1260
1216
925
729
1252
1228
880
1173
1021
1272
297
1063
731
1133
272
1209
1240
1214
1162
1241
1074
1192
891
205
1191
979
1144
754
1213
778
1011
594
1244
549
1058
1122
1249
1222
910
817
1140
1213
869
833
1172
1018
1173
961
997
1265
1201
1240
385
1185
397
568
1197
732
918
1143
842
1236
903
801
1187
178
941
866
227
1228
1228
1174
721
1237
1005
806
964
934
1251
564
1240
966
863
1256
413
1209
897
423
1097
1206
938
1043
794
649
1220
1187
775
649
1201
1235
316
1232
937
1218
802
174
1249
1017
461
1203
1154
1254
1173
968
373
1134
1164
1052
1160
724
75
33
589
1232
1222
1177
1134
1250
1207
1200
267
1212
1277
1235
612
921
437
625
280
472
420
127
1013
203
1204
1167
1125
1225
1224
812
936
367
356
1225
1230
567
1131
1228
1050
1024
697
264
1241
1233
44
1020
1205
1011
1066
1257
1104
1241
429
523
1177
919
996
178
1222
1193
661
1159
190
1034
792
1267
1102
1073
433
892
1244
1159
776
1001
505
1022
21
357
1143
865
209
762
1259
799
1222
1171
1214
609
433
513
1063
875
844
873
1194
879
440
1100
1260
993
50
1238
1060
1226
1232
697
914
440
533
476
834
559
972
643
896
1025
1276
1242
1191
435
1119
590
832
1210
534
1177
947
1223
231
627
599
1066
1231
523
1154
976
934
955
198
1268
1023
1075
1139
1009
1025
1176
1134
522
505
1131
1243
701
286
1217
951
251
933
1110
1239
1233
762
1158
1247
118
284
1243
540
281
778
956
595
1213
1241
630
346
126
1187
1206
819
730
1100
1047
206
1134
56
1247
1244
1241
930
614
932
965
691
188
1005
1152
1122
434
1208
68
143
772
1223
1237
1117
1007
1035
767
345
1162
1256
523
1248
1027
1133
745
1205
852
980
1227
1216
136
125
854
1233
700
899
1191
1237
1202
631
1055
980
1143
65
172
854
745
472
1191
1262
974
1214
317
931
42
321
428
945
547
981
380
1198
987
1168
997
1261
119
517
766
810
914
1244
492
424
825
1197
833
101
1040
275
1242
97
82
1039
1100
1088
1086
318
1054
1147
712
333
665
633
1265
1183
1265
28
1278
289
264
903
1206
1173
247
1026
626
1174
676
20
800
654
918
1204
19
177
495
1278
596
1007
252
224
566
1280
1243
802
1224
1147
503
1182
1199
1254
823
835
1234
125
1282
844
1174
241
1226
1038
1222
208
384
1232
97
1132
1020
608
553
89
28
943
1253
339
1218
994
1184
1248
1029
704
822
1245
584
724
1250
1254
1251
1059
1134
1158
1230
768
302
966
1136
1229
940
892
1084
655
89
1162
431
371
439
861
836
1137
776
442
776
443
806
760
367
1239
894
622
107
19
1263
566
484
1183
350
634
1140
298
1025
1085
927
1036
1196
600
607
1242
1210
917
877
1267
465
1253
577
1256
766
761
891
1197
476
462
530
989
1113
1137
920
1249
1040
1180
579
193
810
1073
976
193
1074
1217
544
1256
1234
1106
1138
1271
1191
692
1211
1231
847
1266
653
366
726
292
1269
214
896
538
546
906
1216
1242
1075
724
549
1099
3
1001
1126
1098
1051
288
1220
347
345
1161
260
993
147
1235
16
631
1131
1212
228
1007
1261
610
340
1116
650
116
878
614
1272
1114
927
1214
1166
774
428
903
1164
1200
952
1243
1039
1131
1202
1180
1174
1182
400
305
729
416
1208
1196
1249
1104
35
814
751
1177
1143
444
645
630
508
866
1200
849
1074
435
136
630
1215
1205
402
1074
1207
1086
73
703
1007
1112
145
1256
689
1131
666
994
887
1174
297
396
961
907
979
1001
305
107
930
864
1018
908
659
1211
1201
1139
229
1194
303
894
1047
1193
101
1212
1038
68
1225
1101
1206
1167
343
48
395
974
209
635
1196
760
1053
432
874
1243
1025
12
729
810
63
1105
1149
1206
905
1241
1262
859
1237
760
472
1215
760
802
201
1224
624
837
289
414
1177
818
965
1260
1236
1047
1147
162
971
1242
1170
1169
743
905
182
57
619
948
909
1014
880
1240
559
851
763
1256
697
350
389
1220
566
1180
1000
1248
189
1039
1239
649
1139
1069
926
869
479
822
183
938
1265
63
568
1255
161
1237
778
1133
1191
932
1105
890
883
1241
592
498
1118
1182
718
1243
1038
227
1244
696
261
1171
188
658
1245
50
1130
864
758
1251
436
1012
1062
809
745
1253
967
888
264
1063
1068
1230
379
1009
376
958
686
770
474
736
1214
782
864
1199
57
888
452
257
585
366
876
1184
965
1153
648
1257
836
1231
473
1104
1155
1273
1237
1018
774
780
485
1202
1214
625
16
311
26
820
1075
562
754
1075
816
1191
698
426
150
212
553
876
1141
265
1157
295
1184
1192
1272
289
1216
435
68
861
961
1249
911
1147
193
462
416
1278
1084
1176
294
33
1132
79
1040
1213
1197
807
835
1283
1143
598
1203
1160
1035
1234
918
1184
674
1161
391
654
1241
153
1217
606
1155
609
175
661
730
1251
926
1254
972
670
145
89
1240
500
137
1168
335
1131
1177
1220
1099
1176
1173
1238
1185
1209
859
527
314
110
832
1251
1246
285
1046
510
1232
688
1093
594
396
301
1002
549
507
1078
716
1175
651
1017
508
626
775
1100
710
864
349
963
1180
1087
664
439
618
541
396
773
1021
1231
1234
746
670
855
380
1229
843
544
454
1138
987
318
854
1214
1217
550
177
1197
871
1087
753
1144
564
161
969
950
1253
332
1248
1189
122
493
1213
631
1253
1263
1101
520
193
931
864
701
665
89
160
1229
151
957
1105
1242
798
1022
1059
607
1185
1225
418
339
461
1139
1126
1213
983
270
307
603
464
379
346
211
1222
81
1037
1278
659
906
348
488
259
1253
1141
1228
873
1246
805
1023
984
1073
1249
1139
174
1070
566
545
536
1058
663
1094
305
986
972
185
461
462
987
319
1163
145
1089
1249
1232
974
806
1208
1120
791
655
1244
457
1041
706
742
973
1281
726
614
1146
403
766
1210
185
683
190
1061
300
194
492
823
1000
636
58
469
97
236
1201
815
1260
1050
920
1050
353
1250
66
616
1025
18
1235
343
1095
888
1049
1170
330
198
1008
707
768
1148
292
1136
1237
836
1233
950
1241
1014
210
519
28
232
861
1077
131
94
217
370
1014
401
1265
555
501
1025
649
679
704
1235
472
640
1217
1161
1230
1154
1133
357
371
1246
659
1126
1103
766
1069
328
1225
147
502
420
163
1241
455
537
894
399
1012
1173
1018
939
58
1220
751
192
1278
1200
585
657
597
1220
1177
1070
1167
924
888
1028
1216
121
577
760
286
1206
848
435
491
1091
620
875
449
1241
1209
806
1238
802
1040
578
648
705
664
44
860
1156
882
1224
1208
1077
1142
1047
926
1244
893
1143
1172
450
435
383
1110
141
911
1234
768
245
1034
1247
1121
974
1172
717
1086
1267
1241
884
1240
305
359
126
1257
791
784
897
239
885
908
729
1234
766
1248
736
191
576
122
1254
1016
1050
839
1174
720
1232
1224
439
874
702
1172
1178
1201
542
525
498
504
1241
1047
1207
579
1270
1184
712
738
1100
1237
1205
1195
1160
1145
14
900
598
125
244
1263
66
1112
1011
715
268
374
123
416
827
1091
98
832
505
1251
141
1211
765
1142
597
1246
741
625
596
1205
968
933
1262
958
1242
1238
236
1221
1089
61
1231
254
1164
1196
1196
480
1063
984
1113
102
392
1257
1162
936
967
1068
329
826
346
219
774
1290
689
361
648
1179
1213
784
742
1020
976
514
1227
1151
657
109
402
1006
633
743
489
933
422
380
1262
916
660
1274
1250
939
500
997
1184
270
901
1138
1189
621
415
285
1233
648
952
18
959
1165
1155
1196
587
1247
1156
135
424
1000
1127
1037
1227
366
541
1219
483
1260
99
1271
683
1221
942
1198
337
1041
1241
1059
771
1251
1133
1041
1117
783
25
817
556
345
1243
346
140
1263
1027
1169
721
1251
1256
1236
739
452
235
520
1060
1260
1245
151
1272
1089
1253
879
1161
989
482
584
992
899
1204
624
1028
1027
1155
335
556
1073
1064
169
642
1177
348
839
976
1068
1247
1137
1180
1219
483
1245
147
1026
645
1194
705
725
144
904
475
871
1203
649
837
1225
800
928
1150
141
661
392
170
103
1133
1232
1204
428
126
1010
1219
1069
387
797
689
973
880
900
1186
1048
387
708
255
1243
1059
1038
1231
1147
681
1247
972
1207
1192
1256
1065
272
850
1237
1028
1178
1263
609
1148
1182
109
273
465
1269
1287
167
207
174
916
1221
1137
1254
808
763
141
1026
1118
975
63
813
199
895
969
1214
1148
592
1156
411
845
727
1024
1236
417
651
1201
1204
870
694
1245
148
1197
885
341
109
48
1236
526
775
111
687
1240
1207
430
1190
792
1005
95
1052
874
1255
759
1238
1215
1198
111
612
780
118
771
642
473
965
575
1138
1147
747
74
16
723
1238
781
1089
1248
1046
1256
1135
1002
1253
1209
1123
1252
1104
1151
558
1070
541
1065
1195
58
220
897
1176
321
861
313
310
1196
558
1083
961
1039
1242
1159
334
577
1192
403
535
1239
107
661
427
1164
1221
1092
40
1230
859
1044
749
193
1150
259
1138
1140
1260
1174
262
393
777
1224
233
562
895
105
714
1083
1169
625
401
953
1116
1188
105
460
641
1021
579
1207
1045
319
1158
567
1117
760
1248
1167
1019
290
1161
145
841
87
1068
1094
360
1204
9
543
1193
1157
1038
1254
805
951
827
1152
1250
1169
580
485
334
892
1206
1249
217
1212
1258
1198
982
249
1139
66
1182
143
521
782
1026
1240
645
30
1267
463
1071
1218
505
1150
500
876
247
358
932
1158
419
1232
1218
1002
911
404
1044
943
802
1077
1207
1276
1217
592
956
892
586
1040
167
1061
570
848
1241
1094
794
730
643
1244
284
1025
1077
1126
648
1252
1156
798
293
680
840
364
236
502
1151
1094
1239
553
1006
789
831
251
1213
785
496
1254
1131
1212
793
1218
336
933
1229
446
536
117
1223
1034
1213
290
934
1243
1257
415
680
1212
256
677
1174
1103
1149
955
821
1258
885
562
1224
746
861
801
79
942
1145
884
902
1193
422
1147
1097
226
1232
72
609
857
782
1247
1106
1209
751
102
254
1100
324
145
1003
344
440
340
1010
1233
1248
1124
1235
1245
1076
703
688
1191
914
1241
1191
1200
1020
241
187
778
545
1255
815
1271
110
1215
1034
229
534
1247
795
1030
1210
415
1218
398
1249
1096
659
297
1274
714
1206
405
142
235
1050
213
464
750
731
959
704
1043
526
947
1006
1102
1246
730
20
459
758
1224
838
1187
900
1261
1245
283
20
1207
774
704
1257
1225
937
1224
990
1139
836
735
1219
520
1109
267
910
1186
84
265
1175
1201
391
987
911
900
1178
1148
1084
302
883
673
218
918
944
691
1054
1049
652
1202
987
1011
937
874
592
1105
1223
635
1200
495
505
1251
1008
1263
587
527
594
840
1179
829
359
1164
984
1083
990
1241
1190
955
187
1215
1008
841
1202
373
795
513
453
835
1075
311
981
671
883
730
1219
845
379
27
1146
470
1161
616
1268
1253
327
1096
596
1132
889
675
340
849
531
1055
1094
1239
442
1196
1115
719
1250
854
987
1256
1203
638
600
1214
100
1108
1208
1121
870
288
725
472
929
1150
643
159
974
936
854
1207
860
775
1154
650
987
218
1204
566
730
99
1224
1264
1010
408
864
1035
729
508
1225
422
976
1244
673
1147
796
1282
1100
600
1122
693
65
1062
901
738
980
567
608
1132
577
714
384
15
918
892
1202
1042
1194
529
504
1255
1002
1121
1026
943
150
712
879
1226
806
1107
1074
27
572
162
9
361
259
1094
1079
667
162
533
1056
560
595
489
1209
291
178
1237
1256
52
1156
821
769
1232
615
1221
1247
76
752
1021
890
1230
1177
1000
885
839
1045
1232
908
1169
1258
438
1193
938
904
672
1252
891
636
162
994
1035
649
806
392
781
522
989
1212
455
217
698
501
853
1144
797
528
931
938
1080
998
182
951
1250
965
1228
1225
949
811
1168
1087
54
271
1240
1033
1207
356
302
881
1220
262
1178
266
12
1050
14
1219
803
1004
1216
529
1252
159
1004
509
338
699
878
1206
975
927
1187
543
30
100
1058
35
964
750
461
81
1075
1136
1200
953
741
1210
512
1252
616
1235
1105
139
890
1231
802
484
1260
545
1170
1016
1276
1227
249
1226
996
853
1245
129
669
1270
639
960
1216
646
746
1193
1198
589
914
927
1241
662
578
981
925
1231
748
1143
1215
1123
608
43
1245
1133
1223
678
591
1144
127
523
1202
681
858
567
245
887
870
700
1188
933
464
696
748
586
876
1206
1132
1248
1238
872
909
263
48
187
1144
114
835
1093
821
788
1221
479
810
1210
817
1129
880
805
326
467
492
730
1234
298
409
550
1163
950
636
146
1060
1164
1209
928
1032
1166
179
782
950
1021
5
730
1216
1258
1086
1277
1267
840
1213
430
1248
426
1106
1184
397
1270
1039
1051
1213
870
540
652
1213
615
836
1013
159
70
1225
938
211
340
637
1134
909
1270
1147
93
1200
981
272
694
596
1067
1216
1135
577
946
1263
1038
1150
409
288
1167
834
1127
1220
1203
1209
717
1221
130
1161
1028
1178
1143
21
765
1087
1201
1093
1236
1265
204
167
776
468
1028
184
118
1231
1247
896
87
657
17
1215
1273
738
1140
683
529
24
1126
115
661
1263
610
1003
1075
745
508
483
492
704
1094
1256
452
795
635
1247
117
1017
1120
505
1275
229
840
422
570
164
1058
850
597
1162
533
1232
104
263
1223
250
949
708
1134
1239
1212
170
782
700
1190
1192
925
212
83
1017
982
1211
1135
961
1210
24
540
1203
1004
382
807
62
1064
549
961
1004
700
733
429
539
1251
1114
1063
1204
1189
1061
889
157
186
966
69
622
111
1134
655
1147
1260
844
892
1185
1023
439
1243
768
300
1253
964
1259
408
1093
983
1240
1221
458
480
1043
1151
1156
1208
176
1031
1226
1108
1265
1140
1087
349
1075
1175
561
1248
46
655
1219
192
1054
953
592
1228
847
186
828
861
1026
1080
1282
916
917
1202
264
554
936
1054
377
1101
331
647
975
1165
1182
347
860
828
1023
793
1253
631
238
1103
1263
1167
601
944
973
595
454
235
1164
78
952
797
1248
852
1209
913
949
588
219
851
433
158
744
1232
779
1238
498
973
775
138
1205
400
831
771
565
1254
1084
642
1199
8
339
1217
1258
613
467
541
436
440
1032
805
373
1156
756
690
700
673
487
1040
1224
891
275
971
1146
1035
1094
1084
928
1151
1049
1162
1270
1146
1084
1258
1232
1285
58
1182
1200
769
983
1150
1293
1217
49
1066
874
785
546
1131
480
363
1071
546
985
1157
976
412
761
515
751
468
1201
1093
883
427
1253
184
32
1216
441
1083
1213
736
1127
230
1234
363
911
550
1138
262
931
367
650
917
1185
1171
1221
1130
1138
967
1219
369
539
1078
1011
1077
1251
1257
1227
1254
1235
1226
1202
1170
311
1123
197
1267
705
922
666
515
1194
1163
600
1168
693
881
974
303
595
1275
1229
1286
1089
390
566
945
655
903
1160
752
93
580
891
355
340
1249
706
1231
286
758
1163
324
928
880
1142
1192
1184
602
299
1052
1196
1217
394
1228
799
255
709
1169
1216
934
1046
818
801
1122
1128
786
992
1070
1054
862
682
682
1123
897
773
1044
1036
814
975
1071
1173
1177
1222
652
791
1031
1138
1082
1262
932
808
996
380
448
1250
1198
509
911
1254
1216
343
1216
1243
1241
1218
741
1200
797
14
321
960
994
651
