666152500
83207375
773413308
488016109
84168800
42882027
413333004
322952214
214735569
313655728
309039369
661781167
552563797
478797797
407462873
407118751
245511454
60028726
49882876
46229746
45747418
849363762
839795826
837922774
753272366
732244095
729564360
175509619
151805898
70093614
911288004
900020907
895135757
892150381
887572815
879741105
879741105
793293269
709317104
360149336
566931823
140392649
88709889
55818069
52951508
52951508
52287108
48860143
48860143
48860143
45767875
38381009
29153319
29153319
973593790
902455705
886363632
886273952
811489758
810780432
810780432
810053172
806930868
799649333
796346129
796346129
718965023
717921433
717826041
707906464
706212419
703722719
443866486
441779830
431426186
431426186
301946411
298199915
297781387
295369964
295369964
295369964
295250322
294578457
177160798
176998294
172539538
172539538
171469814
171469814
170377238
170377238
170144780
147219350
145225253
132630753
129207032
119433426
118355834
104491874
104270940
986793051
984787464
984787464
980840664
979985164
955025438
952559867
948852823
880682058
816829896
815816190
814847292
794213490
792889980
783368560
756528905
748793537
683831402
683414078
683414078
585201786
582123243
581901161
574222062
567393438
337744665
236016058
235483708
235366204
227389045
223693969
173267113
161037514
159925146
158431381
157222520
156454128
156454128
109628676
109628676
109628676
109628676
109628676
109454212
59517955
58669556
58669556
18329288
4595384
874556900
869450804
808697204
808697204
808360428
806841000
806716386
806627576
806627576
800415390
797281566
796492316
796492316
796492316
789185317
787728268
787728268
786388160
664420245
663918909
662188788
598096776
575215267
567950583
567403659
566752510
566299081
559406708
559406708
559049504
403422223
393025160
388547888
373518881
369418881
368807631
367265487
366556587
366467163
365378976
360475275
359845581
358440109
357892093
357204085
357204085
352317980
299190549
298806637
296882313
268989876
266519208
266330136
181567308
175092085
174657547
174505690
171784081
171096406
170846710
170292830
162698366
161769116
161657405
161604625
159220070
155762978
155762978
155326358
155326358
155326358
155326358
154394750
152963210
152963210
152786540
144977673
144378576
143996436
143157732
143088507
141992976
141992976
141513840
140123392
139266987
138351111
136890451
134489811
125870238
125870238
125339356
123976190
123976190
123774060
123698595
123698595
123698595
123698595
56753706
51387135
51372369
51194897
10436948
10436948
8196669
998663988
998209460
998209460
992661896
962271720
962271720
961363602
961279408
910110868
905181501
878698278
878698278
878698278
877891438
877891438
877891438
877891438
877891438
877163789
838850141
832984177
832984177
832915986
288011650
277546825
275148169
273223059
272763141
271757617
236243939
236243939
235252949
235036859
234801141
231242939
231242939
231109599
228678534
228382596
227001261
226768216
226768216
216840145
213317185
213317185
213317185
213283753
210893035
202398823
202398823
202398823
200342934
200125394
194664696
194664696
189052518
188549906
187553226
187163085
187163085
187163085
187163085
186212667
186212667
185160162
184717632
182821362
182799197
180600393
180600393
178928607
178617357
177499672
174576801
174576801
174576801
162736064
162736064
162211414
162134251
161762189
160652273
158558641
158558641
158558641
158058672
158058672
158058672
158058672
157895066
157895066
157702346
157626498
154992738
152623782
150945454
150945454
150945454
150466230
150016381
150016381
150016381
149003666
149003666
149003666
149003666
142123842
142123842
141813666
141592956
136970089
136856654
136856654
136856654
136856654
136856654
136651174
136651174
134970928
131209701
131209701
131074524
117215393
117215393
116184917
116184917
116013837
115952007
115884135
115608217
114363803
114363803
114363803
112104780
112104780
111967248
111326727
111326727
109672869
109672869
109672869
109672869
109672869
109335901
109335901
109335901
108828589
108814193
106740419
106740419
89315104
88829965
88829965
88744418
88284875
87520265
86319065
86319065
86319065
86319065
86117754
86117754
85277648
80263408
79755201
79584201
79264614
78475077
78475077
78475077
78343701
78343701
78343701
77789732
77559201
77452641
76415517
76415517
76415517
76415517
75150196
75150196
75150196
75150196
72107830
64769805
64769805
64698349
64698349
64467833
64467833
60359685
60067476
59188156
59188156
58762426
58762426
58762426
58491218
58491218
58491218
58491218
58275826
58275826
58235274
58235274
58235274
58227354
58227354
57728484
57728484
57471136
56703199
54220891
54220891
50977106
50977106
50977106
50977106
50977106
49683542
49566948
49566948
49566948
49566948
49566948
49428198
47800911
47800911
46455931
46455931
46139516
46080709
45785996
45785996
45785996
45785996
44893309
44339109
44325394
44325394
44325394
44325394
44325394
44325394
43761490
43761490
43761490
43413175
43257947
43257947
43257947
43235503
43235503
43160886
43160886
43160886
43160886
42248327
42248327
42248327
41982464
41877588
41877588
41081206
40461160
40461160
39658425
36132230
36132230
36132230
36121210
36121210
36121210
36121210
36121210
36121210
35800860
35793084
35451750
35451750
35451750
34715633
34715633
33557307
33435407
33435407
33435407
32902287
32872719
32557811
32338513
32329687
32329687
32329687
32329687
32329687
32329687
31680239
30449639
30449639
30449639
29164366
28791318
27848006
27777217
27439737
27439737
26958807
26958807
26672938
26379876
26379876
24735538
24735538
24120250
24120250
24120250
23795785
23795785
23795785
23795785
23795785
23795785
23795785
21789817
21789817
21322921
21322921
21322921
21104986
21000427
19956499
19956499
18914155
18369835
18369835
18152471
18152471
17991754
17498367
16247787
16247787
16247787
16247787
16247787
16247787
15989067
15989067
15867903
15589689
14275234
14275234
12818402
12818402
12818402
12818402
12818402
12818402
12425922
12418855
12418855
12109441
12109441
12041551
12041551
12041551
11692657
11672917
11019757
11019757
11019757
11019757
11019757
11019757
11019757
11019757
11019757
11019757
11019757
10849576
10849576
10849576
10849576
10849576
10849576
10321384
10321384
9943318
9929429
9160144
9160144
8251052
8251052
8251052
8145960
8145960
8145960
8145960
8064116
8064116
8064116
8064116
7264258
7264258
7076386
6984154
6984154
6984154
6984154
6855124
6855124
6855124
6674177
6674177
6674177
6213320
6213320
6213320
5409462
5409462
5409462
5409462
5409462
5193030
4436666
4436666
4436666
4246670
3393387
3393387
3393387
3393387
3393387
3193255
3193255
3193255
3193255
3193255
3144363
3144363
3144363
3056583
2905466
2861177
2861177
2861177
2861177
2843629
2843629
2843629
2843629
2843629
2843629
2843629
2843629
2843629
2843629
2620531
2620531
2620531
2620531
2620531
2612105
2550582
2496566
2268252
1797756
1769507
1769507
1769507
1769507
1769507
1769507
1769507
1769507
1769507
1769507
1766042
1766042
1766042
1476410
1476410
1476410
1476410
1476410
1476410
1476410
1476410
1476410
1476410
1476410
1257870
1257870
1257870
1257870
955834
955834
955834
955834
955834
955834
955834
955834
867600
867600
867600
867600
867600
867600
867600
867600
867600
867600
867600
867600
867600
867600
867600
867600
867600
867600
867600
867600
867600
867600
867600
867600
867600
867600
867600
867600
867600
867600
867600
867600
867600
867600
867600
867600
867600
0
0
0
0
0
0
0
0
0
0
0
0
0
0
0
0
0
0
0
0
0
0
0
