2244008
2245352
2245352
2243651
2243651
2243651
2243651
2243651
2247525
2250944
2250944
2250944
2250944
2252515
2252515
2225283
2227236
2227236
2223962
2223962
2223962
2226620
2226620
2226620
2226620
2228539
2232807
2234685
2228815
2237407
2235282
2238487
2242758
2244525
2244525
2244525
2275886
2274236
2274236
2236376
2299040
2297872
2297054
2297054
2297054
2298722
2296404
2296404
2296404
2287561
2284671
2284671
2338622
2338622
2338622
2339491
2332354
2331672
2334114
2334114
2335746
2335746
2335746
2329564
2300922
2300269
2296119
2299864
2299864
2299864
2303634
2302116
2302397
2302397
2305359
2306933
2306933
2308971
2308971
2308971
2302606
2302606
2302606
2302606
2305189
2306428
2391233
2391233
2395310
2395310
2395310
2395310
2336539
2336539
2340657
2221608
2221608
2221422
2221282
2137276
2040572
2040572
2033823
2030114
2109106
2108568
2108568
2107231
2107231
2106136
2106136
2106361
2106361
2106361
2106361
2106361
2106834
2111652
2116415
2121524
2113848
2113848
2117893
2156974
2156974
2156974
2156974
2156974
2155467
2155467
2153253
2149554
2149554
2141292
2141292
2141292
2146937
2146937
2146937
2146937
2147706
2147706
2147706
2147706
2144789
2144789
2144789
2144789
2143710
2143710
2171005
2171005
2171005
2174607
2174607
2174927
2172477
2172477
2164889
2164889
2166233
2166233
2166233
2166907
2167164
2170155
2170155
2167295
2167295
2164031
2163152
2163159
2163159
2167004
2167382
2167382
2080632
2089451
2087547
2079081
2079081
2079081
2081425
2089645
2089645
2091940
2091940
2092937
2100692
2059530
2054828
2137178
2138621
2137679
2134754
2134754
2134754
2208491
2208491
2164435
2164435
2157810
2157810
2155143
2155143
2155971
2248865
2248865
2248865
2245393
2245393
2250559
2252761
2252761
2252761
2253395
2260708
2260708
2325886
2323324
2323324
2323324
2323324
2435851
2435851
2433754
2433754
2432954
2433559
2433559
2433559
2433559
2433559
2433559
2433559
2432627
2432627
2432627
2435354
2435354
2435354
2442243
2442243
2442243
2434623
2436316
2445775
2446568
2447608
2433121
2433121
2429714
2429227
2429227
2430363
2430363
2428258
2428258
2428258
2428258
2428258
2427848
2462756
2462756
2465140
2465140
2465140
2465140
2465140
2480374
2480374
2481312
2481312
2476414
2476414
2474832
2474875
2429092
2425864
2425864
2425864
2425864
2425864
2425864
2425864
2425864
2426520
2421934
2421934
2421934
2421934
2399789
2448638
2448638
2452553
2453326
2561210
2561210
2561210
2561210
2575697
2569032
2569032
2589085
2589542
2589542
2588631
2581437
2579848
2579848
2579848
2579848
2579848
2579848
2577380
2582011
2582011
2581566
2580199
2584281
2582522
2582522
2587211
2596549
2596549
2601756
2601756
2600112
2600112
2600112
2599710
2599710
2599710
2599710
2592735
2592735
2588351
2590400
2582963
2582963
2586435
2586435
2588064
2588064
2587148
2592868
2597934
2599422
2596283
2599529
2602295
2608256
2602725
2516669
2516669
2514363
2520838
2519426
2519426
2523438
2522173
2522173
2519435
2519435
2521153
2519644
2514614
2514614
2514614
2514614
2514614
2496490
2496490
2496490
2496490
2496490
2496490
2494112
2494112
2494112
2494112
2494112
2499767
2499767
2499479
2465385
2462735
2529388
2523003
2523003
2520783
2520783
2525451
2525451
2525451
2525451
2519138
2523852
2521900
2513743
2513743
2520103
2523926
2519129
2553531
2587635
2587635
2587635
2587635
2585948
2591875
2591875
2591875
2590531
2590531
2589584
2589584
2589584
2591831
2597420
2597420
2601197
2602246
2602246
2602246
2602106
2599233
2518151
2518151
2518151
2518562
2518562
2518562
2518562
2518562
2518562
2526018
2526018
2526018
2526018
2409823
2410348
2410348
2410348
2456131
2456131
2456131
2457598
2457598
2463699
2463699
2463699
2458109
2458109
2460123
2460123
2460123
2460123
2459105
2459105
2459105
2459105
2462516
2489967
2492095
2492908
2492908
2486977
2486749
2486749
2488602
2491404
2491735
2497086
2497086
2497086
2499551
2499551
2499551
2499551
2499551
2501073
2459870
2459417
2451212
2454299
2454299
2458323
2458969
2458969
2458969
2462512
2462512
2462512
2462774
2462774
2461938
2361082
2361082
2361082
2363394
2363394
2363394
2324572
2324572
2324572
2324572
2324572
2326414
2334176
2334176
2334176
2334176
2334176
2328028
2266572
2266572
2266572
2266070
2288890
2298051
2294234
2300304
2298231
2298231
2348829
2341964
2423238
2416620
2416620
2416620
2414881
2411552
2463473
2463473
2463473
2461343
2495207
2494214
2494214
2487292
2487611
2470412
2542049
2542049
2537727
2535134
2618688
2619507
2619507
2619507
2619507
2553179
2553179
2451290
2450008
2448205
2451060
2451060
2451060
2417578
2417578
2417578
2335308
2335308
2335314
2335314
2332503
2332503
2327702
2327702
2329275
2322499
2320898
2320898
2320898
2320898
2246882
2243561
2241944
2241944
2241944
2241944
2248496
2248496
2247857
2247857
2243709
2243709
2245747
2245747
2242726
2242683
2242683
2236021
2242016
2237102
2237102
2237797
2237797
2237797
2201183
2201072
2201072
2219105
2219105
2219105
2223877
2223877
2216250
2216250
2223091
2222949
2219932
2219932
2218791
2218791
2218791
2219925
2221481
2225110
2225110
2225110
2221482
2223818
2220619
2220619
2217224
2159329
2159329
2161897
2163083
2163083
2166687
2166687
2166687
2166687
2166687
2166687
2163024
2164796
2164796
2163847
2243334
2241957
2241957
2241957
2241957
2243810
2243810
2243810
2359987
2359987
2359987
2359987
2359987
2359987
2386969
2380538
2380538
2380538
2377380
2377380
2368540
2368540
2368540
2369406
2369406
2302964
2302964
2301998
2301998
2301998
2301998
2309890
2311246
2311246
2311246
2311246
2311246
2311246
2302505
2302505
2304115
2304115
2304115
2301212
2301212
2304572
2305225
2305225
2310786
2310786
2310952
2310952
2310952
2310952
2310952
2314468
2317426
2317426
2317426
2317426
2316115
2322192
2322192
2322192
2322192
2322192
2422225
2428769
2432630
2432630
2432630
2493906
2493906
2500256
2500256
2495372
2494748
2500464
2433325
2431293
2431293
2355443
2356530
2349779
2349779
2283169
2274091
2279878
2183845
2183815
2191517
2191612
2191612
2187018
2193284
2193284
2193284
2193284
2193402
2189517
2191693
2185599
2186598
2186091
2189856
2189856
2189856
2116457
2116457
2116205
2120372
2120372
2036136
2036136
2063580
2058874
2058874
2058874
2058874
2058874
2058874
2058874
2058874
2054910
2055299
2048833
2048833
2048962
2046923
2046923
2046923
2046923
1984955
1989862
1993335
1993335
1941730
1942631
1942631
1942631
1942631
1944931
1944413
1941119
1939926
1939926
1939926
1938886
1938886
1940342
1940342
1939196
1939196
1939647
1945730
1951767
2009263
2009263
2010340
2006896
2006896
2006896
2005087
2004849
2004849
2002172
2002172
2002172
2002172
2002172
2082002
2082002
2082002
2082002
2082002
2082002
2082614
2080434
2080434
2085750
2085021
2085021
2089216
2088698
2088698
2091237
2091237
2085319
2085319
2085200
2085200
2085200
2085200
2080410
2087902
2087902
2080932
2080932
2080932
2076926
2075256
2075256
2079743
2079743
2079743
2083378
2083378
2004139
2065695
2065695
2065695
2067309
2067309
2067309
2067309
2070600
2057988
2055903
2055903
2055903
2055903
2060425
2060425
2060425
2061939
2059022
2059022
2059022
2059194
2055285
2055285
2055285
2061414
2061414
2138085
2169863
2169863
2172804
2172804
2138043
2139031
2139031
2135284
2128010
2128010
2128010
2128010
2128010
2128010
2124100
2124100
2124100
2124100
2127187
2127187
2130728
2130728
2125859
2125859
2130848
2129985
2129985
2129985
2129985
2129985
2129806
2129806
2129806
2233161
2233161
2230423
2230489
2230489
2229136
2255031
2255136
2255136
2255136
2256242
2256242
2260198
2263533
2263533
2263533
2253870
2255369
2255369
2258677
2296965
2295601
2295601
2295601
2291923
2294864
2294864
2246433
2241211
2240932
2245509
2251291
2250065
2254101
2159697
2154429
2154429
2108458
2105772
2105772
1992548
1989323
1981868
1986294
1986294
1986294
1986294
1986294
1986489
1898742
1907401
1907401
1818748
1818986
1888172
1952526
1952899
1952899
1943717
1907025
1907025
1912098
1964108
1983580
1983217
1957469
1957469
1961019
1961019
1961019
1961019
1961019
1956412
1956412
1949868
1949868
1920131
1819015
1819015
1820809
1820809
1818927
1821205
1828302
1835197
1835197
1835197
1835197
