7576
31318
3302
70350
2518
3259382
2518
367876
2518
7576
2518
2518
2518
2518
3302
2518
1012064
1668718
7576
3603886
2518
764727
22792
239217
31318
7576
49560
631
3302
31318
29313
631
29009
3302
2518
49560
31318
3302
177747
31318
2518
44123
20853
631
36499
2518
631
764727
76060
31318
2518
2518
631
22792
3302
158529
2518
367876
22792
631
44123
2518
2518
533744
631
3302
22792
331625
20853
2518
2518
1367054
46583711
631
22792
1397848
3302
31318
3302
55108
29009
3302
2518
2364618
158816
3302
2518
2518
2518
7576
3302
631
29009
44123
55108
31318
22792
2518
2518
3302
4624556
27444936
3302
3302
2518
3096987
2518
631
278442
44123
3302
2518
20853
55108
129400
31318
631
2518
2518
631
2518
55108
29009
7576
3302
22792
764727
3302
31318
2518
31318
2518
3259382
24795
2518
2518
2518
3302
31318
44123
158529
3302
3302
2518
3302
631
906666
129400
31318
4186490
2518
2581461
1882274
2518
253848
76060
631
22792
2518
55108
631
2758285
20853
631
3302
55108
3302
3302
631
2518
9468142
31318
2518
31318
2518
2518
2518
2518
631
70350
631
7576
367876
3302
20853
125287191
31318
3302
2518
22792
3302
631
2518
3302
3302
2518
3302
70350
51789
76060
3302
3302
22792
7576
2518
631
20853
132300
631
22792
2518
6921802
631
3302
631
31318
2518
3302
20853
3302
43771
2518
55108
631
7576
22792
631
631
7576
70350
3259382
631
279676155
44123
2518
3302
2518
31318
44123
631
631
2518
7576
20853
1882274
631
31318
631
2518
631
3302
3302
3302
31318
631
2518
2518
1684162
3302
20853
2518
3302
2518
3302
631
304907
3302
631
2344864
70350
2053312
631
53727
3302
2518
631
1684162
99516
22792
3302
631
20853
29313
2518
22792
55108
49560
31318
44123
2518
3564629
2518
244839592
3302
2518
2518
3302
2518
278442
2518
3302
1882274
2518
20853
1658619
55108
631
132300
2518
631
631
2518
631
7576
2518
3302
430603
31318
31318
631
55108
79098
3302
2518
3302
22792
2518
55108
631
22792
2518
55108
24795
631
631
631
22792
2518
2518
20853
24795
2518
354838
304907
7576
2518
3302
3302
49560
3302
2518
44123
367876
996003
3302
631
631
2518
3302
3302
2518
31318
5093029
2518
2518
3302
3302
31318
631
2518
631
2518
79098
2518
300379
31318
44123
631
2518
631
631
796094
2518
631
55108
7576
20853
44123
2518
76706
631
1367054
31318
2518
442385
7576
20853
2518
44123
2518
631
79098
631
55108
353473
31318
2518
20853
3613183
31318
3302
2518
631
3302
354838
2518
55108
22792
631
1827752
631
2518
66105702
20853
20853
2518
20853
8449774
3302
31318
31318
1815108
76706
43771
248193
20853
7576
631
631
631
55108
99516
3302
20853
44123
2518
22792
2518
43771
4307473
631
2518
2364618
3302
3302
631
631
232585
49560
2518
631
2518
238398
2518
2518
2518
31318
232585
29009
3302
2518
3302
44123
2518
7576
631
2518
631
55108
2518
3302
70350
3302
2518
3302
7576
247549451
631
22792
631
2518
2518
780396
2518
49560
38374146
2518
7576
3302
2518
2518
2518
2518
2518
2518
22792
2518
631
2518
3302
2518
193253
367876
70350
129400
44123
7576
31318
3302
2518
6419160
70350
631
24795
3302
631
31318
3302
129400
2518
3302
29009
31318
24795
2518
3302
2518
20853
2518
3302
2518
55108
2298191
3302
44123
631
631
3302
2518
2518
3259382
2518
3302
3302
631
4403980
631
1658619
631
264266
55108
2518
2518
1462813
2518
631
3302
2518
2518
2518
631
2518
631
2518
16290830
2518
3302
631
253848
3302
3302
2518
10860037
631
631
49560
631
44123
31318
3302
2518
2518
31318
18250836
20853
2518
31318
177747
3302
22792
2518
31318
2518
631
2518
2518
31318
631
631
2518
3302
22792
631
631
2518
20853
2518
31318
1923659
631
1012064
177747
5257312
2518
3302
631
631
631
20853
631
8162728
631
20853
2518
2518
7576
2518
2518
3302
2518
20853
2518
3302
2518
3302
2518
20853
3302
3302
2518
20853
2518
631
2518
660554
2518
55108
29009
177747
1550043
2518
2518
631
23887872
99516
20853
55108
24795
195988
2518
2518
2518
1882274
1110238
2518
3302
20853
44123
3302
3302
2518
31318
2518
31318
2518
193253
20853
3302
3302
3302
44123
2518
2518
3302
5900171
31318
3302
2518
631
22792
195988
2518
22792
79098
660554
3302
367876
2518
2518
3302
76060
533744
2518
2518
5646179
2518
129400
3302
22792
24795
262008
3302
2518
22792
2518
2518
19579765
2518
631
631
44123
3302
20853
631
2518
2518
194287
631
631
53727
8449774
7576
300379
2518
2518
31318
24795
631
2518
3302
2518
195988
631
631
2518
3302
2518
7576
3302
2518
2518
631
3302
2518
2518
44123
411931
631
76060
49560
2518
2518
631
631
631
44123
3302
43771
20853
3302
3302
3302
31318
3302
304907
31318
2518
2518
2518
2518
183953
29009
631
3302
29009
782261
3302
3302
26594786
55108
631
2518
631
2518
43771
3302
2518
2518
631
20853
44123
3302
631
367876
832031
22792
2518
3302
3302
7576
10038922
631
1367054
3302
31318
20853
2518
2518
55108
2518
79098
3302
354838
631
2518
2518
7576
2518
22792
2518
354838
631
3302
44123
3302
36499
3302
2518
2518
2518
996003
2518
240597
76706
631
49560
20853
631
631
631
1882274
31318
129400
3302
675765
2518
278442
3302
278442
79098
76060
2518
1367054
3302
631
22792
631
631
31318
240597
44123
3302
3302
76060
76060
3302
3302
2518
31318
44123
3302
631
79098
2518
4760157
631
631
55108
55108
2518
422609
2518
631
631
2518
631
631
2518
2518
2518
3661968
70350
2518
31318
53727
3302
2518
2518
975769
2518
3302
1207807
533744
631
2518
7576
2518
631
129400
22792
2518
2518
22792
53727
10388176
3302
31318
76060
20853
22792
3302
1815108
31318
984208
7576
2518
631
2518
24795
3302
2518
631
996003
31318
2518
22792
20853
2518
31318
631
2518
44123
55108
2518
631
20853
3302
3302
631
22792
2518
2518
631
3302
3302
22792
7949130
2518
195988
3302
31318
2518
3302
129400
22792
1367054
24605180
79098
129400
2518
2518
2518
2518
253848
2518
2518
533744
3302
631
354838
