304139263
742509767
504507507
937742646
596246092
239990816
911994311
439745276
858837894
532149919
639750473
781405304
2368800
686196803
565544623
998605703
174586293
389962989
322953480
425760601
504507507
273679774
665713473
304139263
112387858
20792120
90502367
862028426
159035014
18200
101804736
169478094
32992
708411140
230997378
70117007
1
10327156
698005045
347709887
968496417
192910657
392277172
574177231
460809387
580747194
483330
416349523
53466624
640025372
23853318
728260
499656182
936985037
504507507
451073328
6711480
35839008
3
259393130
729216458
463880357
334054442
400801751
40026
668434041
9792
964605550
107869119
82658080
217669849
67955656
239990816
924570743
565544623
512202133
784471471
686634005
774738494
843261626
490525056
568295092
512202133
13699699
927406
799337526
107869119
860418576
149139925
806443228
8
517361670
142
723253694
390
175361923
946373775
3
273821745
412049730
