888946369
846654057
291874
18252117
681116845
937902667
964605550
515464967
84756
283275496
82658080
394991517
12076
541948795
175465717
512202133
515464967
1113
5718
517361670
782060902
245739605
723498321
65687731
82658080
160071071
779745776
2048
716871428
13697811
382075868
517361670
968496417
163785570
880821582
336811216
872765252
937742646
945839417
441546009
779745776
784600856
281138048
774496958
671418
304139263
334054442
153659102
65139008
620597563
3264
888946369
493595145
193582642
522134989
350235244
27342421
986760920
999311407
682099598
945839417
89
93808610
1490528
505424348
780850881
1490528
116658616
233451098
260896559
18108418
111322
968287431
104
565544623
31316314
221872443
936985037
723253694
723253694
688889704
289210335
526399390
985660201
408370978
289210335
964605550
16444
239232987
666528300
152344562
260338180
48295666
822236219
501201399
458918440
20017193
723253694
5120
225497146
