451073328
168263455
852863783
665713473
961980292
798131264
998605703
82658080
604141055
447744870
440320549
192910657
740890786
101698
220198149
586882815
2368800
116658616
727073799
927406
252092705
723253694
8808
483330
22250
565544623
31238933
588534668
6711480
186884996
784471471
57114844
166959261
638895985
665713473
665713473
1177438
614914629
64
228918769
655684594
607543136
505424348
416913397
116658616
133184
517361670
317984256
657667584
900649943
107869119
634794397
648432071
15757502
109420549
709718297
902230833
74955041
340
902529934
451073328
148558950
25382801
298761962
145578
237996356
634794397
347709887
20792120
638895985
416913397
395160524
368469737
248109071
235323497
945839417
76
451148859
998776881
336811216
248410816
742509767
448515090
165
256254780
392826361
12076
146284849
657667584
129835416
220198149
295367525
228182798
534107024
3658
31238933
872868478
116658616
868949151
264217589
