668
31316314
595790406
77312
507055452
991772290
53466624
866305672
622794061
360636648
424537866
788163705
682099598
118474910
264253112
886390028
74914540
482671280
640025372
140877765
152904411
763384170
174586293
6378
25336764
720530039
818845263
359444904
29264960
175361923
740890786
237996356
442292804
964605550
376500032
448
827117968
311057810
811825294
883278986
3457027
714624123
5120
490959335
846654057
278397005
394991517
166074989
186949049
549462336
20132
992276047
579909708
216744605
4322816
708411140
680259849
757059054
468969840
688889704
256
560827112
78008894
676904240
799337526
936665002
943157736
174586293
490959335
947206659
204702345
259393130
864233902
140877765
347709887
1274118
20017193
697026860
975983003
392332172
425760601
792117878
640025372
239990816
200062941
193582642
20017193
902230833
886390028
29264960
995645336
160293888
416070657
614914629
585698316
345878918
370513972
517361670
951855665
289210335
