781405304
3207086
998406186
573825035
195477657
503076098
400801751
173031631
206138332
812469212
655684594
29269392
73798523
885043386
769137565
7755776
4013544
811825294
584944144
84756
20017193
416070657
140877765
238790475
458587604
114965106
440320549
3264
159046
781405304
12
622794061
570515678
50042056
79229676
9633202
4553798
143697883
31238933
333640703
945839417
225497146
893330850
152344562
298761962
233861088
110911736
819477813
223405171
186884996
358304816
392277172
639750473
102614114
806443228
90502367
346372340
762733252
685821745
1260
330436780
517361670
1274118
221872443
380426466
175361923
899888488
4322816
174586293
780850881
456531389
565544623
888746396
140877765
89208609
812469212
1
760
18935078
12076
406413223
149139925
742509767
652644884
216744605
810394440
435026049
258238713
76
324062108
266424695
998406186
863604112
945839417
145040116
829067937
567398504
657667584
639050606
53250
