699339009
698087424
544945244
683224904
173031631
90502367
668
121792
829067937
969985991
346372340
688889704
848172562
880821582
20017193
756578445
122278417
447744870
634794397
7755776
593020796
2304
588923242
999311407
938748852
852308241
82658080
116658616
799337526
406095667
688889704
152344562
163989430
18200
78008894
286314639
505424348
829067937
451073328
366382917
945839417
2032290
248410816
885043386
143697883
114965106
230997378
1260
48446
924570743
626518758
48295666
25336764
20017193
807301597
560827112
290597451
149139925
946373775
468969840
2032290
217669849
298761962
221872443
6711480
872765252
114965106
245241362
18935078
358304816
656252574
317984256
8
553683916
447744870
155780652
487067746
2556284
248109071
887431709
708411140
392332172
640025372
489448558
278397005
107869119
153659102
778417875
582661370
440320549
120381492
686196803
1087744
82658080
714992365
453490076
78008894
936482969
175465717
286314639
