129835416
160293888
4097
1881578
280868968
152344562
681116845
145040116
660708978
7917
647354152
66483529
961980292
799337526
564830724
407878635
1260
376500032
499656182
57114844
826417926
1260
763384170
483330
886390028
505424348
40982540
900649943
174586293
89290293
1
811825294
994926546
175361923
778796330
743031370
907669316
434894980
890742808
200062941
699339009
964605550
991772290
170727424
14711603
815787044
504507507
44644013
76
916673474
716841199
759466968
225497146
143697883
256254780
822236219
114971358
27342421
186949049
148558950
345856
175465717
900649943
531065448
896128941
187108635
747584448
729216458
20017193
885043386
82658080
867327757
18200
860914709
864233902
248410816
416070657
517361670
13697811
29871755
606051768
101804736
12076
220488037
190090060
116658616
787180102
392739429
815787044
150473568
972810545
25382801
324062108
15757502
5010688
696918572
90502367
477687761
778796330
799337526
