1172
1201
1034
1201
1211
1259
47
901
355
453
648
1277
629
1198
1245
143
1187
1153
1093
671
674
1211
618
828
1090
1217
1212
755
1220
1015
390
976
1193
1048
1041
776
380
434
931
1189
1153
457
135
993
749
651
157
422
927
281
1094
1183
1175
1131
553
212
687
1131
407
1067
1121
1197
979
782
1154
761
278
1259
997
1224
1040
1076
1025
1231
1066
1219
1211
1201
1226
896
1197
1002
324
494
94
17
417
619
638
818
952
936
921
969
1202
1053
1132
701
822
1243
72
816
1204
959
1211
1228
1161
866
848
1157
512
1147
1201
220
1262
266
1232
137
561
1232
306
1239
1062
1144
413
127
474
1133
817
862
141
1053
117
477
1206
576
787
1206
1224
1076
1139
546
729
1201
1116
1149
99
369
328
1244
748
1092
1184
1272
1237
1081
524
1040
747
888
775
1071
618
1092
609
791
946
1271
1198
968
882
921
558
524
1156
945
1111
1103
983
949
1209
141
1186
1229
103
987
167
58
69
122
439
1236
1020
1170
1150
213
434
5
1164
591
1056
276
1221
740
792
817
1046
1104
442
1189
1137
388
1142
1205
1016
1143
957
568
1163
1222
626
1017
984
419
470
1145
313
1243
931
1234
988
966
1101
976
672
857
1193
1239
201
1192
1236
836
364
1202
232
1159
470
902
1070
334
1130
623
399
1170
1060
81
501
649
788
407
1234
198
222
1113
736
1044
1126
1014
291
802
1172
979
1237
794
1224
589
1115
1246
549
1010
734
833
1221
1222
1061
990
1166
1146
1207
1200
611
525
195
112
1225
388
905
841
805
1212
1038
1235
1234
999
391
459
1215
601
1112
45
221
543
888
441
690
414
968
915
133
1151
1009
1221
1212
916
672
602
1006
1266
201
1187
1014
619
799
941
780
1171
937
914
519
1153
1193
1044
32
658
1165
974
89
872
1118
1235
1210
873
221
945
1205
1241
1039
25
451
1198
737
233
1133
1100
1224
454
1049
1104
539
1105
320
1081
378
983
1221
869
775
978
467
41
1213
1119
268
1194
599
1183
576
762
141
1227
605
905
1070
72
1176
1201
64
713
1249
834
1161
509
923
694
1172
757
468
1207
400
1172
1220
807
924
1141
989
1194
1158
1066
47
76
946
368
315
1192
289
1113
552
729
861
1010
904
876
986
97
1172
659
40
616
444
926
1221
695
778
1070
655
589
645
1178
1120
189
919
1100
875
1235
1221
43
1216
1285
173
1190
220
12
249
649
1037
777
219
1022
236
470
1018
554
23
1013
1166
1227
1184
159
542
600
850
961
979
1196
1069
758
1061
223
726
1180
311
988
401
122
1170
727
1201
1067
616
334
730
793
328
803
1059
883
1034
843
455
1004
602
40
1138
1163
486
756
1120
1225
1229
851
1143
625
169
1147
718
285
612
1199
897
641
570
653
1201
1233
1200
1082
768
1230
452
502
1229
634
1013
867
1156
53
981
1249
283
689
1200
1064
1071
1138
615
1117
68
1116
825
638
580
1263
841
2
1221
423
325
1210
1144
1108
1254
1090
1078
751
463
876
1218
994
1129
1052
576
1155
952
941
1059
1097
890
596
101
1154
1120
277
723
1199
1250
753
116
1139
1132
1213
830
832
378
446
530
310
1193
428
1223
1166
508
330
329
1229
1111
1234
533
1179
573
1204
1116
299
283
779
778
795
1066
431
225
1223
54
71
1251
962
58
818
448
1011
433
984
992
179
1017
1140
301
909
346
762
1172
899
1134
294
1076
600
811
843
1218
1111
402
1051
243
824
1252
213
1230
1229
867
1199
1133
724
882
1253
406
1234
227
391
1208
1044
729
928
1226
378
1245
1155
9
1208
1163
543
1219
563
634
954
522
773
1235
169
643
1196
854
1055
777
543
53
1225
1229
1203
131
805
112
97
1135
1208
69
1095
1235
1113
659
1153
1065
468
729
1119
735
57
716
937
1210
661
1190
1236
199
23
1097
437
828
746
1059
1111
1132
1204
1175
1082
881
269
423
1164
1225
458
1131
1097
764
273
931
1039
1154
1237
1034
1138
1227
250
548
1245
754
1241
383
31
1102
1210
1176
901
833
568
849
1214
1160
1069
1194
1112
764
889
1238
605
749
1242
829
1061
1079
52
944
1223
1239
874
1003
710
860
719
1242
1202
464
1197
102
1195
1208
518
997
34
655
804
479
936
113
904
1224
950
4
1211
40
1042
383
535
1215
1204
1137
709
882
525
681
1228
974
655
938
166
188
873
1223
308
1224
553
1066
647
973
1202
1155
111
1132
432
1169
999
707
541
1095
1214
633
776
147
1162
1127
744
1045
674
1224
1121
1166
212
863
1216
139
959
1113
1032
1133
613
1218
324
1142
53
1207
458
905
188
998
526
1057
1153
399
1003
206
1003
1209
1114
1111
1048
418
485
1202
1210
1181
130
593
169
1239
528
424
1059
1195
669
503
342
457
641
488
1207
1163
1182
546
105
758
1023
982
1162
1209
502
1210
777
395
499
975
1223
643
1236
644
239
1060
865
1201
391
416
957
1185
1171
727
749
1186
692
595
1127
802
149
1083
513
1093
348
145
183
717
616
1068
751
777
831
1059
1009
1226
836
1221
1063
1186
1131
1108
626
1164
621
760
73
1040
1069
643
1177
368
641
379
1181
1037
621
1247
1037
931
1150
1104
651
1215
1205
1082
455
1129
1235
1204
1150
1185
1108
1138
133
1220
157
710
1216
676
1142
818
642
1187
1033
1037
529
590
1128
1148
1197
766
1243
902
1211
915
1222
531
711
1162
105
1087
596
269
557
1164
1030
1276
971
205
1155
1110
525
1140
1103
1216
514
549
988
1208
7
1086
436
1204
712
1208
1255
764
585
1239
1238
1229
503
256
1281
458
1116
603
1201
231
442
822
1081
1228
1212
354
1223
250
1148
434
738
1158
982
571
1174
1030
1183
1121
1040
732
245
854
1205
1232
660
514
1113
1182
936
851
1133
408
1221
23
893
1197
227
752
1223
1209
298
1032
665
635
1204
1210
890
1135
526
1223
1183
1209
127
813
904
734
726
1109
1135
698
1145
310
1197
1228
423
1003
1236
63
305
517
1141
1189
1049
1253
1078
1017
752
9
951
1165
1026
1199
1156
589
852
637
715
1253
1070
1118
562
1072
1016
432
204
800
906
799
1177
1091
394
1225
952
1206
939
1143
1047
1191
720
54
1191
867
654
1272
783
836
1165
911
882
1205
1217
520
1174
134
1102
1064
741
1055
1218
1210
111
160
382
118
592
803
755
272
479
535
668
658
913
866
566
469
786
1010
1118
929
353
983
739
1234
438
636
54
1010
14
962
549
689
1224
501
1179
273
1129
1188
692
459
416
1213
261
101
1116
1114
1235
1020
291
914
639
662
821
876
104
598
1058
1204
461
1233
1158
595
610
161
1196
1226
1208
1201
818
1248
985
1203
1191
521
452
950
167
1181
1147
1150
919
634
120
928
326
1223
1208
245
1206
1144
873
1101
1113
1229
1255
650
1039
481
854
1218
1092
1045
807
1060
783
1051
1087
743
927
1228
1205
1262
692
142
1030
1200
350
844
1104
718
864
1126
906
604
498
552
892
307
1002
761
1221
741
840
645
984
604
1213
1184
1184
942
1217
1227
437
1063
1185
1080
379
486
1232
239
256
1053
738
191
170
1166
486
1062
861
1197
1107
1190
1177
1083
1066
599
342
549
1190
1066
1228
761
1222
1141
1006
1242
804
1164
1064
1208
1121
106
653
774
470
932
86
674
1182
283
211
1153
442
1239
388
89
596
1044
831
1163
1239
1204
691
325
744
899
650
1161
164
945
829
673
1035
54
163
896
1061
1059
395
755
1046
1135
1074
658
995
1124
932
69
968
1063
576
692
757
491
1127
709
512
265
1144
1234
1264
763
1228
1220
1233
1153
1230
1290
669
997
270
670
1151
1171
773
1222
1233
1140
1213
431
1150
1165
1135
368
1087
1240
1227
941
886
845
1231
277
1183
1074
126
856
682
925
1215
1189
1060
1207
1230
1137
628
1237
673
1165
1159
1088
1052
451
249
1005
1241
926
840
1210
411
168
1201
928
1016
1230
264
1036
651
581
1204
490
1206
1036
1032
1151
910
605
863
430
425
1034
817
1076
1203
1215
992
739
767
703
612
193
929
1093
487
1206
908
994
983
971
1138
1203
812
1160
261
1223
956
895
1227
1042
927
674
929
1140
1095
1228
974
788
518
1220
986
208
328
1044
1119
574
36
420
12
1188
900
1180
1234
1006
1194
1237
1160
728
1200
1256
443
1189
602
1039
1193
458
1057
1236
850
1227
293
830
255
1211
1183
336
1217
1196
1078
988
138
965
191
1184
622
1173
608
667
135
794
418
261
951
1073
581
105
1242
1215
587
262
1227
1217
1241
756
156
909
1219
448
1239
1110
724
101
1165
70
9
1020
677
611
1175
1215
864
15
867
1058
1112
1163
258
821
143
25
1005
317
1017
466
258
405
392
1188
1168
858
440
628
1194
1181
396
1186
1219
925
941
948
1183
1215
310
1067
504
812
1123
914
109
420
965
1111
715
1227
992
575
73
1094
430
755
1207
757
545
740
1213
663
317
1232
18
1151
236
1205
1243
1246
325
895
324
1222
1239
780
1242
628
796
417
183
1166
1065
427
1043
1181
1055
1111
1259
1215
1055
623
1114
1138
1183
912
1235
368
724
1265
173
705
1227
1142
1243
919
1218
125
85
562
624
1158
735
1066
160
1214
89
1176
243
1088
593
755
578
1179
609
1162
910
693
1003
730
957
303
1209
1215
4
1209
621
763
352
794
1213
165
1033
1212
1225
175
221
1014
831
563
870
967
1113
155
1248
946
1233
1036
272
681
835
192
1130
1231
1163
1210
185
1081
804
1111
1190
1213
260
889
863
977
482
269
1070
1012
61
1125
1114
865
1170
1227
871
1008
790
818
1237
1147
1232
616
1212
1194
1152
607
927
651
1071
1222
1088
950
910
204
187
1135
1194
1167
1244
378
687
1181
1238
1035
870
756
1037
392
1133
1143
219
596
717
300
1017
1242
1020
993
959
14
673
391
943
384
845
25
354
1007
598
466
960
1211
210
1151
1214
1040
986
82
1134
1196
1048
1058
916
1226
1234
306
359
983
1135
850
670
104
1203
780
923
1131
1097
479
1251
412
1208
1064
679
960
1135
995
1211
1257
920
176
936
1228
1089
989
319
1220
439
1232
787
1046
598
245
405
1102
994
527
204
306
656
1217
1151
155
761
1143
686
585
773
399
30
1219
1150
220
78
955
968
430
395
1261
555
969
868
1113
17
145
527
646
1223
904
1245
489
753
682
1202
618
1180
250
981
1078
1196
915
986
225
1132
1194
707
1209
1250
174
265
397
1136
839
1246
1165
1032
959
500
1148
831
1223
1213
369
1065
1040
1203
840
958
1202
187
1181
909
284
277
881
1232
799
875
1138
1004
1183
129
785
686
863
894
664
653
185
584
521
1040
1044
871
1196
1245
594
1051
197
367
1086
839
107
1054
56
1059
1160
1193
575
874
1049
768
1228
667
196
903
185
1215
500
1160
544
73
699
706
1212
1157
1023
449
950
1273
1009
1131
1115
386
31
639
750
1273
1181
235
327
1094
1211
1276
883
224
267
380
1186
336
991
1013
1203
1051
981
911
833
1006
288
1112
977
502
988
310
121
414
1220
893
787
46
158
1212
1175
1080
1237
992
1025
1216
1115
822
421
538
1204
1143
1134
697
660
563
392
1268
120
131
24
1043
1111
876
1128
1206
902
1249
1194
428
1225
545
1042
1230
1231
761
1227
1205
1145
232
297
1273
408
1157
1212
148
1128
823
788
1226
259
1174
680
1088
542
274
1113
484
1220
532
509
80
340
823
789
665
905
1220
1171
799
128
702
153
1240
296
585
1007
1220
245
872
324
1246
401
1180
1106
341
1047
512
6
527
591
621
1225
1190
362
52
101
540
282
455
1180
985
1107
1096
1104
1150
667
505
1123
1140
287
1145
644
644
953
582
1150
1107
867
1068
704
958
1152
1190
589
530
1052
1174
1074
716
255
1222
123
356
1095
1253
234
410
1220
1082
276
724
987
1205
851
921
944
919
1285
23
1246
938
672
5
1121
1255
1219
1001
1115
968
1007
1216
243
1095
382
942
1209
1181
747
1135
1258
545
1119
618
1027
796
1184
839
259
1148
253
1047
1148
380
1071
1091
802
1007
524
458
278
116
920
1208
1048
774
1202
221
1267
1064
1236
842
305
1229
1180
1164
262
740
1206
201
413
1057
1207
1236
976
1193
1199
885
1213
1241
305
675
1242
1216
1055
1104
780
1240
1214
655
300
130
982
82
923
1239
944
1177
380
1225
973
214
1265
1268
432
236
1214
1057
1013
921
1207
863
587
1152
1207
661
1020
634
512
645
678
1131
1007
553
779
721
1228
822
1164
1062
557
910
678
959
1238
1188
1247
607
451
1240
605
1241
762
996
1180
1233
1266
1196
833
415
808
976
483
690
666
129
1237
1230
389
970
159
565
410
440
286
1195
851
1224
346
1102
987
1003
1191
649
900
1179
1089
977
410
1090
714
1169
488
614
1194
1136
1128
961
1231
1126
1227
751
122
409
708
98
933
237
822
1239
1223
1211
1257
1225
605
1130
968
1263
205
975
1147
1228
953
585
97
951
962
440
660
396
1240
851
1231
675
1078
1213
617
1211
644
1056
936
659
1148
1147
854
676
1277
1239
333
437
1140
636
1047
1181
1218
934
1227
241
650
408
800
671
1242
702
223
775
1268
241
671
52
1105
238
814
1194
1231
547
1225
963
1222
1036
1248
1203
744
790
561
1190
815
735
1236
1153
1200
1237
955
1153
1215
380
878
899
1046
1147
1193
1147
936
908
982
592
1194
274
1258
716
1180
939
181
899
995
1228
1256
1193
693
558
1165
418
358
334
910
1010
432
382
475
1106
1076
855
854
799
826
162
625
1132
583
1033
880
1105
1167
1221
915
1224
530
1166
1181
1131
1171
523
999
1096
658
372
976
625
559
180
1213
643
493
57
164
328
830
118
1111
1234
872
1216
113
503
1175
83
1217
505
69
1172
269
1157
991
852
651
1158
107
1141
1128
1226
749
1129
1155
962
1232
1182
913
281
1221
1017
875
731
237
1002
1226
201
927
1190
720
622
1231
360
1219
269
1040
1256
1068
1264
955
983
14
1209
402
631
411
1021
211
960
1238
1113
321
914
612
1257
1168
1226
1235
1184
1144
1231
475
521
1146
1202
165
630
1216
1244
1033
520
1095
1181
717
326
1211
1225
1205
1211
724
1105
120
784
611
1113
1186
1185
818
1238
814
1130
962
1002
936
545
388
228
873
1125
453
16
973
1129
1173
1086
1223
706
785
1084
939
1190
371
1105
600
293
1088
708
1015
1232
719
1142
1260
15
572
744
1221
1175
861
980
890
609
1212
370
1208
126
1178
12
1077
1234
770
1222
1230
1124
1085
1207
900
1106
312
1217
832
645
9
289
771
72
824
1162
1110
311
34
1240
1167
711
1244
83
142
747
498
815
669
630
951
101
1070
1213
815
641
264
296
1206
11
1215
1217
872
1233
794
1016
1230
747
815
1114
531
567
901
266
600
477
852
1068
916
1233
868
1254
1146
109
1109
1164
860
1126
1099
357
1054
143
745
1254
306
522
275
130
1033
913
340
247
728
1220
1217
1226
1241
694
1187
1024
382
1225
209
1216
1221
705
1192
503
1114
1090
1263
1243
258
1216
1190
635
244
1253
591
1147
894
1224
1281
1010
1054
1099
662
166
1232
168
385
783
652
1057
1094
49
1087
668
1228
937
224
277
1046
1101
668
508
655
531
990
1079
674
1219
1269
582
631
1229
1056
146
1024
1200
592
1009
549
459
1198
1014
1236
516
374
1199
1112
1052
450
1182
1012
1187
1217
886
1206
1222
783
483
1017
1193
1014
7
992
909
296
480
906
1215
625
1216
998
1243
952
751
753
1230
1055
1197
1182
1218
1219
1267
1024
275
984
348
1071
230
1186
470
896
59
1190
1187
1203
678
600
1023
416
387
1258
1182
1174
293
335
718
705
751
1178
304
897
1235
493
1183
1159
525
735
857
1224
514
1207
1250
82
971
504
330
1037
1239
404
814
613
778
610
942
718
337
1068
1083
1057
1252
1053
831
1255
953
436
248
1196
453
391
1159
729
629
1188
1113
1201
817
311
354
675
784
52
755
1158
826
742
219
206
1174
1110
377
914
1223
380
1219
67
1190
920
532
562
1198
327
1229
1008
1097
1133
1125
1214
1011
1091
998
1077
617
1038
1135
1158
419
687
721
129
403
393
1232
516
1111
534
1151
982
1196
737
258
418
138
974
1201
709
750
1199
1214
659
1096
999
623
1070
1195
853
1040
609
1221
286
1156
669
1227
547
965
1191
1229
1156
1229
1211
975
847
216
920
1207
1103
948
1170
1092
889
693
1061
980
288
907
1229
919
1116
951
348
63
1232
636
1111
1147
1086
859
876
286
359
449
501
1218
708
255
684
1173
979
56
645
876
1173
1249
724
1213
1221
7
1076
609
946
815
1189
1212
1247
703
1042
381
523
1180
1170
1083
241
1240
1215
437
894
341
240
1070
777
645
90
550
851
1118
300
859
978
661
1252
491
723
1003
375
1034
1129
1025
780
1211
1223
317
1183
987
725
1232
972
1229
1247
453
718
1226
862
1102
1047
863
1229
1215
1152
167
1206
1260
1238
832
1187
243
1103
1232
818
706
785
993
1229
788
232
226
1129
1107
1170
765
220
1024
532
883
706
844
928
1103
502
1065
592
1156
1190
744
1165
1031
450
468
1168
1213
579
1260
288
963
1071
1111
1223
528
981
950
1185
1187
1125
283
819
816
815
872
1102
1089
62
1056
1214
1211
1256
1093
707
57
1121
1234
470
140
762
1055
276
16
45
208
1050
277
1029
1135
824
991
351
707
966
1229
855
1048
222
1061
1231
1227
486
349
1164
1175
225
1234
1228
1289
130
1124
1217
617
1220
1220
1216
464
1180
649
1181
1105
590
903
397
1025
760
688
768
1189
885
128
852
885
1200
1022
1222
156
1030
975
1036
561
240
172
1198
486
1233
756
417
622
280
580
1067
1102
1196
1179
1159
1196
1079
72
353
1175
443
1091
725
697
447
619
891
731
447
965
876
1143
1210
1000
64
624
1178
990
1232
1227
388
1099
165
74
998
1053
1062
1149
1202
614
1198
1231
981
515
1016
864
1078
1090
583
1038
1233
800
1214
1101
1112
678
95
925
874
1209
1202
182
276
1137
811
1212
984
799
499
1062
1097
1109
660
405
568
707
390
684
864
1136
546
668
932
1172
347
35
281
1046
773
1221
1004
1090
972
1126
1224
1156
923
939
86
986
937
1213
327
599
1208
247
1213
1072
1242
1223
1136
483
29
1154
260
960
1246
1244
602
79
146
1209
1221
303
625
1210
200
1241
1075
1263
797
1246
1215
1033
1149
567
434
1078
1194
1210
1022
1140
639
51
891
1001
1249
1225
1228
1198
444
978
1035
947
1128
1177
1130
1064
1031
1078
1042
225
1235
103
1135
790
1145
661
1149
182
705
976
978
870
627
10
668
1226
1221
1195
1218
818
966
134
665
43
1274
979
916
1243
706
952
1114
831
650
192
1232
184
799
595
642
269
585
34
1018
836
1093
919
1228
1122
421
927
968
903
951
266
926
1085
1208
51
1229
820
745
1179
1224
364
126
1046
665
414
1166
1163
1199
79
1209
886
1230
233
1122
725
812
208
597
1233
356
1228
898
1262
1218
7
610
1025
934
932
4
640
1100
554
282
1048
615
526
195
712
561
4
10
718
1056
1120
473
901
307
34
1117
666
1088
413
1044
1182
1037
886
641
186
265
338
802
1219
794
1139
1125
1117
756
493
703
133
678
1200
352
895
571
1182
1154
1210
848
579
804
1151
1066
1233
1256
1276
855
1241
132
1156
949
842
452
532
1159
511
496
522
985
1170
579
598
1225
358
1172
1001
455
502
301
1129
1083
1044
1243
1273
944
1162
790
830
57
1244
503
91
1119
969
84
1115
377
769
890
1084
1087
1156
1230
1120
1209
1063
1208
868
496
1149
1149
1211
1219
1145
703
1221
525
494
1229
1188
869
1211
1201
1087
1066
51
354
1146
1223
1211
1260
1222
646
964
326
215
1151
214
257
1191
1175
114
574
361
1113
399
18
1058
335
1105
1042
967
201
1114
872
963
1160
1219
1197
1228
656
730
1144
750
914
1193
61
407
1206
1106
737
450
1150
861
1172
979
1240
686
243
817
1111
1073
204
385
1189
1204
1230
872
939
1181
951
976
244
1048
584
68
127
230
876
964
1252
754
883
997
865
275
1140
1016
1081
361
287
613
26
550
399
695
600
199
1205
1201
851
966
1209
1067
32
56
1223
1223
328
400
952
604
1220
191
169
530
171
908
526
759
1139
482
442
745
54
1145
1102
762
285
995
906
1185
1025
467
663
965
525
488
165
1084
857
1222
976
383
1179
497
897
1100
1260
1017
1210
642
1008
646
1202
520
1236
397
820
64
407
963
1118
978
983
843
1214
950
999
206
18
827
1231
1046
555
622
569
873
655
548
1234
551
828
1061
988
877
1220
654
71
89
940
1070
809
939
894
36
1157
86
379
710
1199
1193
668
818
1166
937
78
1127
1094
416
1200
1228
985
461
1045
1169
1192
1234
1166
1114
514
309
51
1096
1015
235
1238
1148
1138
1237
1073
1134
1043
679
993
1238
1171
120
1214
481
1240
906
1122
945
896
1060
18
470
675
1217
894
452
984
55
1035
758
76
1202
217
1148
5
787
1209
1242
938
265
366
322
467
419
1168
461
1148
740
1207
1201
592
469
1247
1206
453
992
1134
1021
1088
1157
1233
954
1237
553
1107
1101
434
349
326
63
168
49
1104
670
1216
673
1140
441
1257
326
660
518
583
565
1142
689
1236
1231
642
919
163
1002
818
497
1239
335
628
1074
751
1155
877
1150
822
1064
1208
801
1114
475
195
760
1120
710
1138
1187
439
660
1177
795
1236
1054
103
480
88
1126
1052
1199
648
700
793
733
855
911
1203
1230
1234
878
1135
267
67
492
1137
1157
559
1138
487
912
1220
1232
25
786
1136
1253
1199
821
1071
579
1240
567
65
256
1132
563
513
285
938
959
1177
1232
1108
527
1197
109
1203
334
964
169
989
1212
890
11
861
930
693
1219
1131
1107
450
397
1100
1095
1188
559
964
1094
109
1055
54
830
560
1209
1229
961
669
966
1219
794
1242
1200
17
199
621
1255
1174
568
1128
1056
411
1214
1042
739
1150
1058
630
651
208
983
1194
620
1134
1263
913
188
1229
389
832
534
789
48
699
242
767
1022
934
421
1235
1082
668
1012
154
977
1073
9
974
643
543
1250
1247
188
1202
1262
703
938
660
930
504
949
824
1086
1172
278
643
132
721
1095
350
133
263
1185
1219
592
1236
1060
218
1005
852
228
839
1216
104
1040
613
240
1205
211
1219
916
1229
1150
796
370
1134
1040
436
1111
683
1126
344
930
1160
346
677
1024
1117
1187
1009
327
842
1226
399
962
1241
1219
1110
1155
1055
1005
461
492
1289
1006
247
1191
1149
1192
1269
1182
435
1145
417
403
969
103
311
540
1189
933
1215
161
726
663
75
513
940
612
1147
27
1058
1239
566
600
1205
1231
525
1147
1243
1179
577
1158
1150
1140
972
1194
910
1028
1236
56
998
906
786
1011
260
1063
1208
651
663
518
1242
1169
1124
1034
1248
941
583
65
243
1262
1123
766
663
711
1191
1198
823
1115
732
965
784
1055
983
722
1283
770
1181
249
1023
876
501
1022
1231
818
1181
629
21
348
843
465
499
1204
379
394
556
478
21
961
943
762
7
1197
519
417
805
685
858
1205
884
902
729
144
1150
1130
161
1068
835
1224
398
971
324
452
1219
979
543
1022
1010
633
774
1182
918
779
512
1222
1184
1024
279
1159
1079
120
1245
1198
1208
952
445
1015
975
642
205
1239
730
967
469
989
516
1225
207
305
1024
334
381
1025
1180
1214
1073
1187
918
986
1212
808
860
445
220
1236
1232
1090
717
1086
562
1124
38
1228
1118
630
1222
775
1079
447
1089
981
987
1020
1224
803
1180
1220
1099
1180
585
1182
1199
1223
1123
1051
1101
108
743
1215
806
729
1208
907
827
699
482
1031
414
676
1038
1281
987
1048
1122
746
1124
1280
95
1218
1101
1200
672
1208
977
1027
1141
1077
274
851
206
973
701
1203
125
1172
582
1244
723
1189
1191
1201
863
1209
1048
1181
593
141
1183
904
1150
864
1219
1082
851
651
910
613
1247
1162
1130
796
372
884
1266
718
468
1045
686
1190
327
600
557
1203
255
600
432
304
249
439
991
454
74
978
351
842
579
423
139
1208
1013
287
1118
564
1222
622
1243
1066
1201
743
161
126
404
1210
1229
1237
1110
557
1197
644
714
656
1140
246
888
1205
879
158
757
454
1170
204
203
1182
599
890
1003
1101
547
738
1177
88
528
527
662
1204
226
937
100
36
773
16
1181
1211
841
1249
1178
803
475
1146
185
1223
563
110
908
1038
934
691
1202
982
1166
555
310
1172
1057
1150
242
1173
918
948
1185
287
885
1006
1176
1210
449
892
921
1139
1208
697
1185
597
1186
543
253
539
868
994
789
1243
922
416
475
1180
1174
50
951
877
965
1030
261
1241
1146
318
562
264
1230
1005
721
326
874
430
246
774
963
1121
1210
836
190
417
1223
1196
852
816
824
922
1235
1193
204
1174
807
411
565
1049
1066
1021
1008
1180
153
1170
1017
656
1093
1144
1178
1016
265
511
1028
1037
325
1011
860
1215
1121
750
323
308
674
19
1026
1172
1202
513
1168
1122
1067
790
1074
618
1002
996
556
1138
954
1203
315
159
597
1189
685
995
1220
1227
569
1229
359
1127
1218
1223
630
89
95
1221
1204
658
28
962
830
824
260
25
589
388
81
805
1033
117
1201
627
365
351
908
1173
364
448
238
905
1212
248
224
304
1279
359
1241
894
943
925
455
566
53
1166
545
200
604
22
518
1091
869
282
47
541
1140
1221
855
915
388
944
1198
498
526
1123
1218
1002
974
1047
861
837
583
756
1085
1121
929
1072
788
242
1135
1101
936
1263
1034
1205
543
1222
1158
1155
1144
1006
1216
1227
1227
822
1206
1227
553
574
1150
839
1164
809
1119
1113
1203
1158
670
28
904
1168
1251
305
284
1231
1222
1098
1127
633
259
983
680
689
641
1206
354
860
100
1217
1044
1207
698
40
1145
1076
292
1098
1100
1246
82
891
76
1183
58
1101
1240
1237
39
1178
877
258
1123
1230
272
947
769
428
215
1230
1088
573
1033
1016
1004
1005
496
942
729
1237
1206
1144
775
819
459
817
1085
893
1028
1186
692
995
1053
1058
412
1018
895
529
666
311
317
1072
864
1216
1109
984
345
1238
655
535
876
711
709
867
992
328
262
1068
